<?xml version="1.0" encoding="UTF-8"?>
<testsuite xmlns:xsi="http://www.w3.org/2001/XMLSchema-instance" xsi:noNamespaceSchemaLocation="https://maven.apache.org/surefire/maven-failsafe-plugin/xsd/failsafe-test-report-3.0.xsd" version="3.0" name="com.mediscreen.patientinfo.integrationTest.PatientInfoIT" time="23.599" tests="12" errors="0" skipped="0" failures="0">
  <properties>
    <property name="java.specification.version" value="17"/>
    <property name="sun.jnu.encoding" value="UTF-8"/>
    <property name="java.class.path" value="/home/loicb/Formation/Projet/Projet9_loic_benoit/mediscreen/patientinfo/target/test-classes:/home/loicb/Formation/Projet/Projet9_loic_benoit/mediscreen/patientinfo/target/classes:/home/loicb/.m2/repository/org/springframework/boot/spring-boot-starter-actuator/2.7.0/spring-boot-starter-actuator-2.7.0.jar:/home/loicb/.m2/repository/org/springframework/boot/spring-boot-starter/2.7.0/spring-boot-starter-2.7.0.jar:/home/loicb/.m2/repository/org/springframework/boot/spring-boot/2.7.0/spring-boot-2.7.0.jar:/home/loicb/.m2/repository/org/springframework/boot/spring-boot-autoconfigure/2.7.0/spring-boot-autoconfigure-2.7.0.jar:/home/loicb/.m2/repository/org/springframework/boot/spring-boot-starter-logging/2.7.0/spring-boot-starter-logging-2.7.0.jar:/home/loicb/.m2/repository/ch/qos/logback/logback-classic/1.2.11/logback-classic-1.2.11.jar:/home/loicb/.m2/repository/ch/qos/logback/logback-core/1.2.11/logback-core-1.2.11.jar:/home/loicb/.m2/repository/org/apache/logging/log4j/log4j-to-slf4j/2.17.2/log4j-to-slf4j-2.17.2.jar:/home/loicb/.m2/repository/jakarta/annotation/jakarta.annotation-api/1.3.5/jakarta.annotation-api-1.3.5.jar:/home/loicb/.m2/repository/org/yaml/snakeyaml/1.30/snakeyaml-1.30.jar:/home/loicb/.m2/repository/org/springframework/boot/spring-boot-actuator-autoconfigure/2.7.0/spring-boot-actuator-autoconfigure-2.7.0.jar:/home/loicb/.m2/repository/org/springframework/boot/spring-boot-actuator/2.7.0/spring-boot-actuator-2.7.0.jar:/home/loicb/.m2/repository/com/fasterxml/jackson/core/jackson-databind/2.13.3/jackson-databind-2.13.3.jar:/home/loicb/.m2/repository/com/fasterxml/jackson/core/jackson-core/2.13.3/jackson-core-2.13.3.jar:/home/loicb/.m2/repository/com/fasterxml/jackson/datatype/jackson-datatype-jsr310/2.13.3/jackson-datatype-jsr310-2.13.3.jar:/home/loicb/.m2/repository/io/micrometer/micrometer-core/1.9.0/micrometer-core-1.9.0.jar:/home/loicb/.m2/repository/org/hdrhistogram/HdrHistogram/2.1.12/HdrHistogram-2.1.12.jar:/home/loicb/.m2/repository/org/latencyutils/LatencyUtils/2.0.3/LatencyUtils-2.0.3.jar:/home/loicb/.m2/repository/mysql/mysql-connector-java/8.0.29/mysql-connector-java-8.0.29.jar:/home/loicb/.m2/repository/org/springframework/boot/spring-boot-starter-data-jpa/2.7.0/spring-boot-starter-data-jpa-2.7.0.jar:/home/loicb/.m2/repository/org/springframework/boot/spring-boot-starter-aop/2.7.0/spring-boot-starter-aop-2.7.0.jar:/home/loicb/.m2/repository/org/springframework/spring-aop/5.3.20/spring-aop-5.3.20.jar:/home/loicb/.m2/repository/org/aspectj/aspectjweaver/1.9.7/aspectjweaver-1.9.7.jar:/home/loicb/.m2/repository/org/springframework/boot/spring-boot-starter-jdbc/2.7.0/spring-boot-starter-jdbc-2.7.0.jar:/home/loicb/.m2/repository/com/zaxxer/HikariCP/4.0.3/HikariCP-4.0.3.jar:/home/loicb/.m2/repository/org/springframework/spring-jdbc/5.3.20/spring-jdbc-5.3.20.jar:/home/loicb/.m2/repository/jakarta/transaction/jakarta.transaction-api/1.3.3/jakarta.transaction-api-1.3.3.jar:/home/loicb/.m2/repository/jakarta/persistence/jakarta.persistence-api/2.2.3/jakarta.persistence-api-2.2.3.jar:/home/loicb/.m2/repository/org/hibernate/hibernate-core/5.6.9.Final/hibernate-core-5.6.9.Final.jar:/home/loicb/.m2/repository/org/jboss/logging/jboss-logging/3.4.3.Final/jboss-logging-3.4.3.Final.jar:/home/loicb/.m2/repository/net/bytebuddy/byte-buddy/1.12.10/byte-buddy-1.12.10.jar:/home/loicb/.m2/repository/antlr/antlr/2.7.7/antlr-2.7.7.jar:/home/loicb/.m2/repository/org/jboss/jandex/2.4.2.Final/jandex-2.4.2.Final.jar:/home/loicb/.m2/repository/com/fasterxml/classmate/1.5.1/classmate-1.5.1.jar:/home/loicb/.m2/repository/org/hibernate/common/hibernate-commons-annotations/5.1.2.Final/hibernate-commons-annotations-5.1.2.Final.jar:/home/loicb/.m2/repository/org/glassfish/jaxb/jaxb-runtime/2.3.6/jaxb-runtime-2.3.6.jar:/home/loicb/.m2/repository/org/glassfish/jaxb/txw2/2.3.6/txw2-2.3.6.jar:/home/loicb/.m2/repository/com/sun/istack/istack-commons-runtime/3.0.12/istack-commons-runtime-3.0.12.jar:/home/loicb/.m2/repository/com/sun/activation/jakarta.activation/1.2.2/jakarta.activation-1.2.2.jar:/home/loicb/.m2/repository/org/springframework/data/spring-data-jpa/2.7.0/spring-data-jpa-2.7.0.jar:/home/loicb/.m2/repository/org/springframework/data/spring-data-commons/2.7.0/spring-data-commons-2.7.0.jar:/home/loicb/.m2/repository/org/springframework/spring-orm/5.3.20/spring-orm-5.3.20.jar:/home/loicb/.m2/repository/org/springframework/spring-context/5.3.20/spring-context-5.3.20.jar:/home/loicb/.m2/repository/org/springframework/spring-tx/5.3.20/spring-tx-5.3.20.jar:/home/loicb/.m2/repository/org/springframework/spring-beans/5.3.20/spring-beans-5.3.20.jar:/home/loicb/.m2/repository/org/springframework/spring-aspects/5.3.20/spring-aspects-5.3.20.jar:/home/loicb/.m2/repository/org/springframework/boot/spring-boot-starter-validation/2.7.0/spring-boot-starter-validation-2.7.0.jar:/home/loicb/.m2/repository/org/apache/tomcat/embed/tomcat-embed-el/9.0.63/tomcat-embed-el-9.0.63.jar:/home/loicb/.m2/repository/org/hibernate/validator/hibernate-validator/6.2.3.Final/hibernate-validator-6.2.3.Final.jar:/home/loicb/.m2/repository/jakarta/validation/jakarta.validation-api/2.0.2/jakarta.validation-api-2.0.2.jar:/home/loicb/.m2/repository/org/springframework/boot/spring-boot-starter-web/2.7.0/spring-boot-starter-web-2.7.0.jar:/home/loicb/.m2/repository/org/springframework/boot/spring-boot-starter-json/2.7.0/spring-boot-starter-json-2.7.0.jar:/home/loicb/.m2/repository/com/fasterxml/jackson/datatype/jackson-datatype-jdk8/2.13.3/jackson-datatype-jdk8-2.13.3.jar:/home/loicb/.m2/repository/com/fasterxml/jackson/module/jackson-module-parameter-names/2.13.3/jackson-module-parameter-names-2.13.3.jar:/home/loicb/.m2/repository/org/springframework/boot/spring-boot-starter-tomcat/2.7.0/spring-boot-starter-tomcat-2.7.0.jar:/home/loicb/.m2/repository/org/apache/tomcat/embed/tomcat-embed-core/9.0.63/tomcat-embed-core-9.0.63.jar:/home/loicb/.m2/repository/org/apache/tomcat/embed/tomcat-embed-websocket/9.0.63/tomcat-embed-websocket-9.0.63.jar:/home/loicb/.m2/repository/org/springframework/spring-web/5.3.20/spring-web-5.3.20.jar:/home/loicb/.m2/repository/org/springframework/spring-webmvc/5.3.20/spring-webmvc-5.3.20.jar:/home/loicb/.m2/repository/org/springframework/spring-expression/5.3.20/spring-expression-5.3.20.jar:/home/loicb/.m2/repository/org/springframework/boot/spring-boot-starter-log4j2/2.7.0/spring-boot-starter-log4j2-2.7.0.jar:/home/loicb/.m2/repository/org/apache/logging/log4j/log4j-slf4j-impl/2.17.2/log4j-slf4j-impl-2.17.2.jar:/home/loicb/.m2/repository/org/apache/logging/log4j/log4j-api/2.17.2/log4j-api-2.17.2.jar:/home/loicb/.m2/repository/org/apache/logging/log4j/log4j-core/2.17.2/log4j-core-2.17.2.jar:/home/loicb/.m2/repository/org/apache/logging/log4j/log4j-jul/2.17.2/log4j-jul-2.17.2.jar:/home/loicb/.m2/repository/org/slf4j/jul-to-slf4j/1.7.36/jul-to-slf4j-1.7.36.jar:/home/loicb/.m2/repository/org/springframework/boot/spring-boot-starter-test/2.7.0/spring-boot-starter-test-2.7.0.jar:/home/loicb/.m2/repository/org/springframework/boot/spring-boot-test/2.7.0/spring-boot-test-2.7.0.jar:/home/loicb/.m2/repository/org/springframework/boot/spring-boot-test-autoconfigure/2.7.0/spring-boot-test-autoconfigure-2.7.0.jar:/home/loicb/.m2/repository/com/jayway/jsonpath/json-path/2.7.0/json-path-2.7.0.jar:/home/loicb/.m2/repository/net/minidev/json-smart/2.4.8/json-smart-2.4.8.jar:/home/loicb/.m2/repository/net/minidev/accessors-smart/2.4.8/accessors-smart-2.4.8.jar:/home/loicb/.m2/repository/org/ow2/asm/asm/9.1/asm-9.1.jar:/home/loicb/.m2/repository/jakarta/xml/bind/jakarta.xml.bind-api/2.3.3/jakarta.xml.bind-api-2.3.3.jar:/home/loicb/.m2/repository/jakarta/activation/jakarta.activation-api/1.2.2/jakarta.activation-api-1.2.2.jar:/home/loicb/.m2/repository/org/assertj/assertj-core/3.22.0/assertj-core-3.22.0.jar:/home/loicb/.m2/repository/org/hamcrest/hamcrest/2.2/hamcrest-2.2.jar:/home/loicb/.m2/repository/org/junit/jupiter/junit-jupiter/5.8.2/junit-jupiter-5.8.2.jar:/home/loicb/.m2/repository/org/junit/jupiter/junit-jupiter-params/5.8.2/junit-jupiter-params-5.8.2.jar:/home/loicb/.m2/repository/org/junit/jupiter/junit-jupiter-engine/5.8.2/junit-jupiter-engine-5.8.2.jar:/home/loicb/.m2/repository/org/junit/platform/junit-platform-engine/1.8.2/junit-platform-engine-1.8.2.jar:/home/loicb/.m2/repository/org/mockito/mockito-core/4.5.1/mockito-core-4.5.1.jar:/home/loicb/.m2/repository/net/bytebuddy/byte-buddy-agent/1.12.10/byte-buddy-agent-1.12.10.jar:/home/loicb/.m2/repository/org/objenesis/objenesis/3.2/objenesis-3.2.jar:/home/loicb/.m2/repository/org/mockito/mockito-junit-jupiter/4.5.1/mockito-junit-jupiter-4.5.1.jar:/home/loicb/.m2/repository/org/skyscreamer/jsonassert/1.5.0/jsonassert-1.5.0.jar:/home/loicb/.m2/repository/com/vaadin/external/google/android-json/0.0.20131108.vaadin1/android-json-0.0.20131108.vaadin1.jar:/home/loicb/.m2/repository/org/springframework/spring-core/5.3.20/spring-core-5.3.20.jar:/home/loicb/.m2/repository/org/springframework/spring-jcl/5.3.20/spring-jcl-5.3.20.jar:/home/loicb/.m2/repository/org/springframework/spring-test/5.3.20/spring-test-5.3.20.jar:/home/loicb/.m2/repository/org/xmlunit/xmlunit-core/2.9.0/xmlunit-core-2.9.0.jar:/home/loicb/.m2/repository/org/testcontainers/testcontainers/1.17.3/testcontainers-1.17.3.jar:/home/loicb/.m2/repository/junit/junit/4.13.2/junit-4.13.2.jar:/home/loicb/.m2/repository/org/hamcrest/hamcrest-core/2.2/hamcrest-core-2.2.jar:/home/loicb/.m2/repository/org/slf4j/slf4j-api/1.7.36/slf4j-api-1.7.36.jar:/home/loicb/.m2/repository/org/apache/commons/commons-compress/1.21/commons-compress-1.21.jar:/home/loicb/.m2/repository/org/rnorth/duct-tape/duct-tape/1.0.8/duct-tape-1.0.8.jar:/home/loicb/.m2/repository/org/jetbrains/annotations/17.0.0/annotations-17.0.0.jar:/home/loicb/.m2/repository/com/github/docker-java/docker-java-api/3.2.13/docker-java-api-3.2.13.jar:/home/loicb/.m2/repository/com/fasterxml/jackson/core/jackson-annotations/2.13.3/jackson-annotations-2.13.3.jar:/home/loicb/.m2/repository/com/github/docker-java/docker-java-transport-zerodep/3.2.13/docker-java-transport-zerodep-3.2.13.jar:/home/loicb/.m2/repository/com/github/docker-java/docker-java-transport/3.2.13/docker-java-transport-3.2.13.jar:/home/loicb/.m2/repository/net/java/dev/jna/jna/5.8.0/jna-5.8.0.jar:/home/loicb/.m2/repository/org/testcontainers/mysql/1.17.3/mysql-1.17.3.jar:/home/loicb/.m2/repository/org/testcontainers/jdbc/1.17.3/jdbc-1.17.3.jar:/home/loicb/.m2/repository/org/testcontainers/database-commons/1.17.3/database-commons-1.17.3.jar:/home/loicb/.m2/repository/org/testcontainers/junit-jupiter/1.17.3/junit-jupiter-1.17.3.jar:/home/loicb/.m2/repository/org/junit/jupiter/junit-jupiter-api/5.8.2/junit-jupiter-api-5.8.2.jar:/home/loicb/.m2/repository/org/opentest4j/opentest4j/1.2.0/opentest4j-1.2.0.jar:/home/loicb/.m2/repository/org/junit/platform/junit-platform-commons/1.8.2/junit-platform-commons-1.8.2.jar:/home/loicb/.m2/repository/org/apiguardian/apiguardian-api/1.1.2/apiguardian-api-1.1.2.jar:"/>
    <property name="java.vm.vendor" value="Oracle Corporation"/>
    <property name="sun.arch.data.model" value="64"/>
    <property name="java.vendor.url" value="https://java.oracle.com/"/>
    <property name="user.timezone" value="Europe/Paris"/>
    <property name="os.name" value="Linux"/>
    <property name="java.vm.specification.version" value="17"/>
    <property name="sun.java.launcher" value="SUN_STANDARD"/>
    <property name="user.country" value="FR"/>
    <property name="sun.boot.library.path" value="/opt/jdk17/lib"/>
    <property name="sun.java.command" value="/home/loicb/Formation/Projet/Projet9_loic_benoit/mediscreen/patientinfo/target/surefire/surefirebooter-20220708223203608_3.jar /home/loicb/Formation/Projet/Projet9_loic_benoit/mediscreen/patientinfo/target/surefire 2022-07-08T22-32-03_291-jvmRun1 surefire-20220708223203608_1tmp surefire_0-20220708223203608_2tmp"/>
    <property name="jdk.debug" value="release"/>
    <property name="surefire.test.class.path" value="/home/loicb/Formation/Projet/Projet9_loic_benoit/mediscreen/patientinfo/target/test-classes:/home/loicb/Formation/Projet/Projet9_loic_benoit/mediscreen/patientinfo/target/classes:/home/loicb/.m2/repository/org/springframework/boot/spring-boot-starter-actuator/2.7.0/spring-boot-starter-actuator-2.7.0.jar:/home/loicb/.m2/repository/org/springframework/boot/spring-boot-starter/2.7.0/spring-boot-starter-2.7.0.jar:/home/loicb/.m2/repository/org/springframework/boot/spring-boot/2.7.0/spring-boot-2.7.0.jar:/home/loicb/.m2/repository/org/springframework/boot/spring-boot-autoconfigure/2.7.0/spring-boot-autoconfigure-2.7.0.jar:/home/loicb/.m2/repository/org/springframework/boot/spring-boot-starter-logging/2.7.0/spring-boot-starter-logging-2.7.0.jar:/home/loicb/.m2/repository/ch/qos/logback/logback-classic/1.2.11/logback-classic-1.2.11.jar:/home/loicb/.m2/repository/ch/qos/logback/logback-core/1.2.11/logback-core-1.2.11.jar:/home/loicb/.m2/repository/org/apache/logging/log4j/log4j-to-slf4j/2.17.2/log4j-to-slf4j-2.17.2.jar:/home/loicb/.m2/repository/jakarta/annotation/jakarta.annotation-api/1.3.5/jakarta.annotation-api-1.3.5.jar:/home/loicb/.m2/repository/org/yaml/snakeyaml/1.30/snakeyaml-1.30.jar:/home/loicb/.m2/repository/org/springframework/boot/spring-boot-actuator-autoconfigure/2.7.0/spring-boot-actuator-autoconfigure-2.7.0.jar:/home/loicb/.m2/repository/org/springframework/boot/spring-boot-actuator/2.7.0/spring-boot-actuator-2.7.0.jar:/home/loicb/.m2/repository/com/fasterxml/jackson/core/jackson-databind/2.13.3/jackson-databind-2.13.3.jar:/home/loicb/.m2/repository/com/fasterxml/jackson/core/jackson-core/2.13.3/jackson-core-2.13.3.jar:/home/loicb/.m2/repository/com/fasterxml/jackson/datatype/jackson-datatype-jsr310/2.13.3/jackson-datatype-jsr310-2.13.3.jar:/home/loicb/.m2/repository/io/micrometer/micrometer-core/1.9.0/micrometer-core-1.9.0.jar:/home/loicb/.m2/repository/org/hdrhistogram/HdrHistogram/2.1.12/HdrHistogram-2.1.12.jar:/home/loicb/.m2/repository/org/latencyutils/LatencyUtils/2.0.3/LatencyUtils-2.0.3.jar:/home/loicb/.m2/repository/mysql/mysql-connector-java/8.0.29/mysql-connector-java-8.0.29.jar:/home/loicb/.m2/repository/org/springframework/boot/spring-boot-starter-data-jpa/2.7.0/spring-boot-starter-data-jpa-2.7.0.jar:/home/loicb/.m2/repository/org/springframework/boot/spring-boot-starter-aop/2.7.0/spring-boot-starter-aop-2.7.0.jar:/home/loicb/.m2/repository/org/springframework/spring-aop/5.3.20/spring-aop-5.3.20.jar:/home/loicb/.m2/repository/org/aspectj/aspectjweaver/1.9.7/aspectjweaver-1.9.7.jar:/home/loicb/.m2/repository/org/springframework/boot/spring-boot-starter-jdbc/2.7.0/spring-boot-starter-jdbc-2.7.0.jar:/home/loicb/.m2/repository/com/zaxxer/HikariCP/4.0.3/HikariCP-4.0.3.jar:/home/loicb/.m2/repository/org/springframework/spring-jdbc/5.3.20/spring-jdbc-5.3.20.jar:/home/loicb/.m2/repository/jakarta/transaction/jakarta.transaction-api/1.3.3/jakarta.transaction-api-1.3.3.jar:/home/loicb/.m2/repository/jakarta/persistence/jakarta.persistence-api/2.2.3/jakarta.persistence-api-2.2.3.jar:/home/loicb/.m2/repository/org/hibernate/hibernate-core/5.6.9.Final/hibernate-core-5.6.9.Final.jar:/home/loicb/.m2/repository/org/jboss/logging/jboss-logging/3.4.3.Final/jboss-logging-3.4.3.Final.jar:/home/loicb/.m2/repository/net/bytebuddy/byte-buddy/1.12.10/byte-buddy-1.12.10.jar:/home/loicb/.m2/repository/antlr/antlr/2.7.7/antlr-2.7.7.jar:/home/loicb/.m2/repository/org/jboss/jandex/2.4.2.Final/jandex-2.4.2.Final.jar:/home/loicb/.m2/repository/com/fasterxml/classmate/1.5.1/classmate-1.5.1.jar:/home/loicb/.m2/repository/org/hibernate/common/hibernate-commons-annotations/5.1.2.Final/hibernate-commons-annotations-5.1.2.Final.jar:/home/loicb/.m2/repository/org/glassfish/jaxb/jaxb-runtime/2.3.6/jaxb-runtime-2.3.6.jar:/home/loicb/.m2/repository/org/glassfish/jaxb/txw2/2.3.6/txw2-2.3.6.jar:/home/loicb/.m2/repository/com/sun/istack/istack-commons-runtime/3.0.12/istack-commons-runtime-3.0.12.jar:/home/loicb/.m2/repository/com/sun/activation/jakarta.activation/1.2.2/jakarta.activation-1.2.2.jar:/home/loicb/.m2/repository/org/springframework/data/spring-data-jpa/2.7.0/spring-data-jpa-2.7.0.jar:/home/loicb/.m2/repository/org/springframework/data/spring-data-commons/2.7.0/spring-data-commons-2.7.0.jar:/home/loicb/.m2/repository/org/springframework/spring-orm/5.3.20/spring-orm-5.3.20.jar:/home/loicb/.m2/repository/org/springframework/spring-context/5.3.20/spring-context-5.3.20.jar:/home/loicb/.m2/repository/org/springframework/spring-tx/5.3.20/spring-tx-5.3.20.jar:/home/loicb/.m2/repository/org/springframework/spring-beans/5.3.20/spring-beans-5.3.20.jar:/home/loicb/.m2/repository/org/springframework/spring-aspects/5.3.20/spring-aspects-5.3.20.jar:/home/loicb/.m2/repository/org/springframework/boot/spring-boot-starter-validation/2.7.0/spring-boot-starter-validation-2.7.0.jar:/home/loicb/.m2/repository/org/apache/tomcat/embed/tomcat-embed-el/9.0.63/tomcat-embed-el-9.0.63.jar:/home/loicb/.m2/repository/org/hibernate/validator/hibernate-validator/6.2.3.Final/hibernate-validator-6.2.3.Final.jar:/home/loicb/.m2/repository/jakarta/validation/jakarta.validation-api/2.0.2/jakarta.validation-api-2.0.2.jar:/home/loicb/.m2/repository/org/springframework/boot/spring-boot-starter-web/2.7.0/spring-boot-starter-web-2.7.0.jar:/home/loicb/.m2/repository/org/springframework/boot/spring-boot-starter-json/2.7.0/spring-boot-starter-json-2.7.0.jar:/home/loicb/.m2/repository/com/fasterxml/jackson/datatype/jackson-datatype-jdk8/2.13.3/jackson-datatype-jdk8-2.13.3.jar:/home/loicb/.m2/repository/com/fasterxml/jackson/module/jackson-module-parameter-names/2.13.3/jackson-module-parameter-names-2.13.3.jar:/home/loicb/.m2/repository/org/springframework/boot/spring-boot-starter-tomcat/2.7.0/spring-boot-starter-tomcat-2.7.0.jar:/home/loicb/.m2/repository/org/apache/tomcat/embed/tomcat-embed-core/9.0.63/tomcat-embed-core-9.0.63.jar:/home/loicb/.m2/repository/org/apache/tomcat/embed/tomcat-embed-websocket/9.0.63/tomcat-embed-websocket-9.0.63.jar:/home/loicb/.m2/repository/org/springframework/spring-web/5.3.20/spring-web-5.3.20.jar:/home/loicb/.m2/repository/org/springframework/spring-webmvc/5.3.20/spring-webmvc-5.3.20.jar:/home/loicb/.m2/repository/org/springframework/spring-expression/5.3.20/spring-expression-5.3.20.jar:/home/loicb/.m2/repository/org/springframework/boot/spring-boot-starter-log4j2/2.7.0/spring-boot-starter-log4j2-2.7.0.jar:/home/loicb/.m2/repository/org/apache/logging/log4j/log4j-slf4j-impl/2.17.2/log4j-slf4j-impl-2.17.2.jar:/home/loicb/.m2/repository/org/apache/logging/log4j/log4j-api/2.17.2/log4j-api-2.17.2.jar:/home/loicb/.m2/repository/org/apache/logging/log4j/log4j-core/2.17.2/log4j-core-2.17.2.jar:/home/loicb/.m2/repository/org/apache/logging/log4j/log4j-jul/2.17.2/log4j-jul-2.17.2.jar:/home/loicb/.m2/repository/org/slf4j/jul-to-slf4j/1.7.36/jul-to-slf4j-1.7.36.jar:/home/loicb/.m2/repository/org/springframework/boot/spring-boot-starter-test/2.7.0/spring-boot-starter-test-2.7.0.jar:/home/loicb/.m2/repository/org/springframework/boot/spring-boot-test/2.7.0/spring-boot-test-2.7.0.jar:/home/loicb/.m2/repository/org/springframework/boot/spring-boot-test-autoconfigure/2.7.0/spring-boot-test-autoconfigure-2.7.0.jar:/home/loicb/.m2/repository/com/jayway/jsonpath/json-path/2.7.0/json-path-2.7.0.jar:/home/loicb/.m2/repository/net/minidev/json-smart/2.4.8/json-smart-2.4.8.jar:/home/loicb/.m2/repository/net/minidev/accessors-smart/2.4.8/accessors-smart-2.4.8.jar:/home/loicb/.m2/repository/org/ow2/asm/asm/9.1/asm-9.1.jar:/home/loicb/.m2/repository/jakarta/xml/bind/jakarta.xml.bind-api/2.3.3/jakarta.xml.bind-api-2.3.3.jar:/home/loicb/.m2/repository/jakarta/activation/jakarta.activation-api/1.2.2/jakarta.activation-api-1.2.2.jar:/home/loicb/.m2/repository/org/assertj/assertj-core/3.22.0/assertj-core-3.22.0.jar:/home/loicb/.m2/repository/org/hamcrest/hamcrest/2.2/hamcrest-2.2.jar:/home/loicb/.m2/repository/org/junit/jupiter/junit-jupiter/5.8.2/junit-jupiter-5.8.2.jar:/home/loicb/.m2/repository/org/junit/jupiter/junit-jupiter-params/5.8.2/junit-jupiter-params-5.8.2.jar:/home/loicb/.m2/repository/org/junit/jupiter/junit-jupiter-engine/5.8.2/junit-jupiter-engine-5.8.2.jar:/home/loicb/.m2/repository/org/junit/platform/junit-platform-engine/1.8.2/junit-platform-engine-1.8.2.jar:/home/loicb/.m2/repository/org/mockito/mockito-core/4.5.1/mockito-core-4.5.1.jar:/home/loicb/.m2/repository/net/bytebuddy/byte-buddy-agent/1.12.10/byte-buddy-agent-1.12.10.jar:/home/loicb/.m2/repository/org/objenesis/objenesis/3.2/objenesis-3.2.jar:/home/loicb/.m2/repository/org/mockito/mockito-junit-jupiter/4.5.1/mockito-junit-jupiter-4.5.1.jar:/home/loicb/.m2/repository/org/skyscreamer/jsonassert/1.5.0/jsonassert-1.5.0.jar:/home/loicb/.m2/repository/com/vaadin/external/google/android-json/0.0.20131108.vaadin1/android-json-0.0.20131108.vaadin1.jar:/home/loicb/.m2/repository/org/springframework/spring-core/5.3.20/spring-core-5.3.20.jar:/home/loicb/.m2/repository/org/springframework/spring-jcl/5.3.20/spring-jcl-5.3.20.jar:/home/loicb/.m2/repository/org/springframework/spring-test/5.3.20/spring-test-5.3.20.jar:/home/loicb/.m2/repository/org/xmlunit/xmlunit-core/2.9.0/xmlunit-core-2.9.0.jar:/home/loicb/.m2/repository/org/testcontainers/testcontainers/1.17.3/testcontainers-1.17.3.jar:/home/loicb/.m2/repository/junit/junit/4.13.2/junit-4.13.2.jar:/home/loicb/.m2/repository/org/hamcrest/hamcrest-core/2.2/hamcrest-core-2.2.jar:/home/loicb/.m2/repository/org/slf4j/slf4j-api/1.7.36/slf4j-api-1.7.36.jar:/home/loicb/.m2/repository/org/apache/commons/commons-compress/1.21/commons-compress-1.21.jar:/home/loicb/.m2/repository/org/rnorth/duct-tape/duct-tape/1.0.8/duct-tape-1.0.8.jar:/home/loicb/.m2/repository/org/jetbrains/annotations/17.0.0/annotations-17.0.0.jar:/home/loicb/.m2/repository/com/github/docker-java/docker-java-api/3.2.13/docker-java-api-3.2.13.jar:/home/loicb/.m2/repository/com/fasterxml/jackson/core/jackson-annotations/2.13.3/jackson-annotations-2.13.3.jar:/home/loicb/.m2/repository/com/github/docker-java/docker-java-transport-zerodep/3.2.13/docker-java-transport-zerodep-3.2.13.jar:/home/loicb/.m2/repository/com/github/docker-java/docker-java-transport/3.2.13/docker-java-transport-3.2.13.jar:/home/loicb/.m2/repository/net/java/dev/jna/jna/5.8.0/jna-5.8.0.jar:/home/loicb/.m2/repository/org/testcontainers/mysql/1.17.3/mysql-1.17.3.jar:/home/loicb/.m2/repository/org/testcontainers/jdbc/1.17.3/jdbc-1.17.3.jar:/home/loicb/.m2/repository/org/testcontainers/database-commons/1.17.3/database-commons-1.17.3.jar:/home/loicb/.m2/repository/org/testcontainers/junit-jupiter/1.17.3/junit-jupiter-1.17.3.jar:/home/loicb/.m2/repository/org/junit/jupiter/junit-jupiter-api/5.8.2/junit-jupiter-api-5.8.2.jar:/home/loicb/.m2/repository/org/opentest4j/opentest4j/1.2.0/opentest4j-1.2.0.jar:/home/loicb/.m2/repository/org/junit/platform/junit-platform-commons/1.8.2/junit-platform-commons-1.8.2.jar:/home/loicb/.m2/repository/org/apiguardian/apiguardian-api/1.1.2/apiguardian-api-1.1.2.jar:"/>
    <property name="sun.cpu.endian" value="little"/>
    <property name="user.home" value="/home/loicb"/>
    <property name="user.language" value="fr"/>
    <property name="java.specification.vendor" value="Oracle Corporation"/>
    <property name="java.version.date" value="2021-09-14"/>
    <property name="java.home" value="/opt/jdk17"/>
    <property name="file.separator" value="/"/>
    <property name="basedir" value="/home/loicb/Formation/Projet/Projet9_loic_benoit/mediscreen/patientinfo"/>
    <property name="java.vm.compressedOopsMode" value="Zero based"/>
    <property name="line.separator" value="&#10;"/>
    <property name="java.specification.name" value="Java Platform API Specification"/>
    <property name="java.vm.specification.vendor" value="Oracle Corporation"/>
    <property name="FILE_LOG_CHARSET" value="UTF-8"/>
    <property name="java.awt.headless" value="true"/>
    <property name="surefire.real.class.path" value="/home/loicb/Formation/Projet/Projet9_loic_benoit/mediscreen/patientinfo/target/surefire/surefirebooter-20220708223203608_3.jar"/>
    <property name="sun.management.compiler" value="HotSpot 64-Bit Tiered Compilers"/>
    <property name="java.runtime.version" value="17+35-LTS-2724"/>
    <property name="user.name" value="loicb"/>
    <property name="path.separator" value=":"/>
    <property name="os.version" value="4.19.0-21-amd64"/>
    <property name="java.runtime.name" value="Java(TM) SE Runtime Environment"/>
    <property name="file.encoding" value="UTF-8"/>
    <property name="spring.beaninfo.ignore" value="true"/>
    <property name="java.vm.name" value="Java HotSpot(TM) 64-Bit Server VM"/>
    <property name="localRepository" value="/home/loicb/.m2/repository"/>
    <property name="java.vendor.url.bug" value="https://bugreport.java.com/bugreport/"/>
    <property name="java.io.tmpdir" value="/tmp"/>
    <property name="idea.version" value="2022.1.3"/>
    <property name="com.zaxxer.hikari.pool_number" value="1"/>
    <property name="java.version" value="17"/>
    <property name="user.dir" value="/home/loicb/Formation/Projet/Projet9_loic_benoit/mediscreen/patientinfo"/>
    <property name="os.arch" value="amd64"/>
    <property name="java.vm.specification.name" value="Java Virtual Machine Specification"/>
    <property name="PID" value="7441"/>
    <property name="CONSOLE_LOG_CHARSET" value="UTF-8"/>
    <property name="native.encoding" value="UTF-8"/>
    <property name="java.library.path" value="/usr/java/packages/lib:/usr/lib64:/lib64:/lib:/usr/lib"/>
    <property name="java.vm.info" value="mixed mode, sharing"/>
    <property name="java.vendor" value="Oracle Corporation"/>
    <property name="java.vm.version" value="17+35-LTS-2724"/>
    <property name="sun.io.unicode.encoding" value="UnicodeLittle"/>
    <property name="java.class.version" value="61.0"/>
  </properties>
  <testcase name="updatePatientValid" classname="com.mediscreen.patientinfo.integrationTest.PatientInfoIT" time="0.59">
    <system-out><![CDATA[22:32:05.672 [main] INFO  org.testcontainers.utility.ImageNameSubstitutor - Image name substitution will be performed by: DefaultImageNameSubstitutor (composite of 'ConfigurationFileImageNameSubstitutor' and 'PrefixingImageNameSubstitutor')
22:32:05.736 [main] INFO  org.testcontainers.dockerclient.DockerClientProviderStrategy - Loaded org.testcontainers.dockerclient.UnixSocketClientProviderStrategy from ~/.testcontainers.properties, will try it first
22:32:06.984 [main] INFO  org.testcontainers.dockerclient.DockerClientProviderStrategy - Found Docker environment with local Unix socket (unix:///var/run/docker.sock)
22:32:06.986 [main] INFO  org.testcontainers.DockerClientFactory - Docker host IP address is localhost
22:32:07.009 [main] INFO  org.testcontainers.DockerClientFactory - Connected to docker: 
  Server Version: 20.10.17
  API Version: 1.41
  Operating System: Debian GNU/Linux 10 (buster)
  Total Memory: 32130 MB
22:32:07.117 [main] INFO  🐳 [testcontainers/ryuk:0.3.3] - Creating container for image: testcontainers/ryuk:0.3.3
22:32:07.508 [main] INFO  🐳 [testcontainers/ryuk:0.3.3] - Container testcontainers/ryuk:0.3.3 is starting: 9bb23d20071092981829b24263c7d3f3c5786828722fbea3e3edb17df9c21bc4
22:32:08.275 [main] INFO  🐳 [testcontainers/ryuk:0.3.3] - Container testcontainers/ryuk:0.3.3 started in PT1.252475406S
22:32:08.282 [main] INFO  org.testcontainers.utility.RyukResourceReaper - Ryuk started - will monitor and terminate Testcontainers containers on JVM exit
22:32:08.282 [main] INFO  org.testcontainers.DockerClientFactory - Checking the system...
22:32:08.283 [main] INFO  org.testcontainers.DockerClientFactory - ✔︎ Docker server version should be at least 1.6.0
22:32:08.289 [main] INFO  🐳 [mysql:8.0.29] - Creating container for image: mysql:8.0.29
22:32:09.092 [main] INFO  🐳 [mysql:8.0.29] - Container mysql:8.0.29 is starting: 9da16474ccc84c0d9c8ac48bfb1799b1b5ac24475bbbb83455d9905a1fabcc47
22:32:09.815 [main] INFO  🐳 [mysql:8.0.29] - Waiting for database connection to become available at jdbc:mysql://localhost:49184/MediscreenSql using query 'SELECT 1'
22:32:21.448 [main] INFO  🐳 [mysql:8.0.29] - Container is started (JDBC URL: jdbc:mysql://localhost:49184/MediscreenSql)
22:32:21.448 [main] INFO  🐳 [mysql:8.0.29] - Container mysql:8.0.29 started in PT13.159717546S
22:32:21.456 [main] INFO  org.testcontainers.ext.ScriptUtils - Executing database script from scripts/sqlCreate.sql
22:32:21.532 [main] INFO  org.testcontainers.ext.ScriptUtils - Executed database script from scripts/sqlCreate.sql in 75 ms.
22:32:21.618 [main] INFO  org.springframework.boot.test.context.SpringBootTestContextBootstrapper - Neither @ContextConfiguration nor @ContextHierarchy found for test class [com.mediscreen.patientinfo.integrationTest.PatientInfoIT], using SpringBootContextLoader
22:32:21.622 [main] INFO  org.springframework.test.context.support.AbstractContextLoader - Could not detect default resource locations for test class [com.mediscreen.patientinfo.integrationTest.PatientInfoIT]: no resource found for suffixes {-context.xml, Context.groovy}.
22:32:21.622 [main] INFO  org.springframework.test.context.support.AnnotationConfigContextLoaderUtils - Could not detect default configuration classes for test class [com.mediscreen.patientinfo.integrationTest.PatientInfoIT]: PatientInfoIT does not declare any static, non-private, non-final, nested classes annotated with @Configuration.
22:32:21.742 [main] INFO  org.springframework.boot.test.context.SpringBootTestContextBootstrapper - Found @SpringBootConfiguration com.mediscreen.patientinfo.PatientinfoApplication for test class com.mediscreen.patientinfo.integrationTest.PatientInfoIT
22:32:21.844 [main] INFO  org.springframework.boot.test.context.SpringBootTestContextBootstrapper - Loaded default TestExecutionListener class names from location [META-INF/spring.factories]: [org.springframework.boot.test.mock.mockito.MockitoTestExecutionListener, org.springframework.boot.test.mock.mockito.ResetMocksTestExecutionListener, org.springframework.boot.test.autoconfigure.restdocs.RestDocsTestExecutionListener, org.springframework.boot.test.autoconfigure.web.client.MockRestServiceServerResetTestExecutionListener, org.springframework.boot.test.autoconfigure.web.servlet.MockMvcPrintOnlyOnFailureTestExecutionListener, org.springframework.boot.test.autoconfigure.web.servlet.WebDriverTestExecutionListener, org.springframework.boot.test.autoconfigure.webservices.client.MockWebServiceServerTestExecutionListener, org.springframework.test.context.web.ServletTestExecutionListener, org.springframework.test.context.support.DirtiesContextBeforeModesTestExecutionListener, org.springframework.test.context.event.ApplicationEventsTestExecutionListener, org.springframework.test.context.support.DependencyInjectionTestExecutionListener, org.springframework.test.context.support.DirtiesContextTestExecutionListener, org.springframework.test.context.transaction.TransactionalTestExecutionListener, org.springframework.test.context.jdbc.SqlScriptsTestExecutionListener, org.springframework.test.context.event.EventPublishingTestExecutionListener]
22:32:21.862 [main] INFO  org.springframework.boot.test.context.SpringBootTestContextBootstrapper - Using TestExecutionListeners: [org.springframework.test.context.web.ServletTestExecutionListener@7ce58c1c, org.springframework.test.context.support.DirtiesContextBeforeModesTestExecutionListener@36996b37, org.springframework.test.context.event.ApplicationEventsTestExecutionListener@1006d0e3, org.springframework.boot.test.mock.mockito.MockitoTestExecutionListener@4f61c7e1, org.springframework.boot.test.autoconfigure.SpringBootDependencyInjectionTestExecutionListener@1fb4377d, org.springframework.test.context.support.DirtiesContextTestExecutionListener@6289376f, org.springframework.test.context.transaction.TransactionalTestExecutionListener@442e7215, org.springframework.test.context.jdbc.SqlScriptsTestExecutionListener@5b1ebbe, org.springframework.test.context.event.EventPublishingTestExecutionListener@3b802baa, org.springframework.boot.test.mock.mockito.ResetMocksTestExecutionListener@109941fa, org.springframework.boot.test.autoconfigure.restdocs.RestDocsTestExecutionListener@27103726, org.springframework.boot.test.autoconfigure.web.client.MockRestServiceServerResetTestExecutionListener@2df6d461, org.springframework.boot.test.autoconfigure.web.servlet.MockMvcPrintOnlyOnFailureTestExecutionListener@1791670e, org.springframework.boot.test.autoconfigure.web.servlet.WebDriverTestExecutionListener@4d5d6297, org.springframework.boot.test.autoconfigure.webservices.client.MockWebServiceServerTestExecutionListener@6bd2c51d]

  .   ____          _            __ _ _
 /\\ / ___'_ __ _ _(_)_ __  __ _ \ \ \ \
( ( )\___ | '_ | '_| | '_ \/ _` | \ \ \ \
 \\/  ___)| |_)| | | | | || (_| |  ) ) ) )
  '  |____| .__|_| |_|_| |_\__, | / / / /
 =========|_|==============|___/=/_/_/_/
 :: Spring Boot ::                (v2.7.0)

22:32:22.204 [background-preinit] INFO  org.hibernate.validator.internal.util.Version - HV000001: Hibernate Validator 6.2.3.Final
22:32:22.211 [main] INFO  com.mediscreen.patientinfo.integrationTest.PatientInfoIT - Starting PatientInfoIT using Java 17 on loic with PID 7441 (started by loicb in /home/loicb/Formation/Projet/Projet9_loic_benoit/mediscreen/patientinfo)
22:32:22.211 [main] DEBUG com.mediscreen.patientinfo.integrationTest.PatientInfoIT - Running with Spring Boot v2.7.0, Spring v5.3.20
22:32:22.212 [main] INFO  com.mediscreen.patientinfo.integrationTest.PatientInfoIT - The following 1 profile is active: "test"
22:32:23.207 [main] INFO  org.springframework.data.repository.config.RepositoryConfigurationDelegate - Bootstrapping Spring Data JPA repositories in DEFAULT mode.
22:32:23.252 [main] INFO  org.springframework.data.repository.config.RepositoryConfigurationDelegate - Finished Spring Data repository scanning in 38 ms. Found 1 JPA repository interfaces.
22:32:23.841 [main] INFO  org.hibernate.jpa.internal.util.LogHelper - HHH000204: Processing PersistenceUnitInfo [name: default]
22:32:23.894 [main] INFO  org.hibernate.Version - HHH000412: Hibernate ORM core version 5.6.9.Final
22:32:24.060 [main] INFO  org.hibernate.annotations.common.Version - HCANN000001: Hibernate Commons Annotations {5.1.2.Final}
22:32:24.178 [main] INFO  com.zaxxer.hikari.HikariDataSource - HikariPool-1 - Starting...
22:32:24.335 [main] INFO  com.zaxxer.hikari.HikariDataSource - HikariPool-1 - Start completed.
22:32:24.379 [main] INFO  org.hibernate.dialect.Dialect - HHH000400: Using dialect: org.hibernate.dialect.MySQL8Dialect
22:32:25.111 [main] INFO  org.hibernate.engine.transaction.jta.platform.internal.JtaPlatformInitiator - HHH000490: Using JtaPlatform implementation: [org.hibernate.engine.transaction.jta.platform.internal.NoJtaPlatform]
22:32:25.123 [main] INFO  org.springframework.orm.jpa.LocalContainerEntityManagerFactoryBean - Initialized JPA EntityManagerFactory for persistence unit 'default'
22:32:25.723 [main] WARN  org.springframework.boot.autoconfigure.orm.jpa.JpaBaseConfiguration$JpaWebConfiguration - spring.jpa.open-in-view is enabled by default. Therefore, database queries may be performed during view rendering. Explicitly configure spring.jpa.open-in-view to disable this warning
22:32:26.617 [main] INFO  org.springframework.boot.test.mock.web.SpringBootMockServletContext - Initializing Spring TestDispatcherServlet ''
22:32:26.617 [main] INFO  org.springframework.test.web.servlet.TestDispatcherServlet - Initializing Servlet ''
22:32:26.625 [main] INFO  org.springframework.boot.actuate.endpoint.web.EndpointLinksResolver - Exposing 1 endpoint(s) beneath base path '/actuator'
22:32:26.642 [main] INFO  org.springframework.test.web.servlet.TestDispatcherServlet - Completed initialization in 25 ms
22:32:26.676 [main] INFO  com.mediscreen.patientinfo.integrationTest.PatientInfoIT - Started PatientInfoIT in 4.779 seconds (JVM running for 22.978)
22:32:27.138 [main] TRACE com.mediscreen.patientinfo.controller.impl.PatientControllerImpl - Updating patient: updatedFamilyName - updatedGivenName.
22:32:27.218 [main] TRACE com.mediscreen.patientinfo.service.impl.PatientServiceImpl - Updating patient: Patient{id=3, familyName='updatedFamilyName', givenName='updatedGivenName', dateOfBirth=1999-03-20, sex='M', address='44 rue', phone='0123456'}
]]></system-out>
    <system-err><![CDATA[SLF4J: Class path contains multiple SLF4J bindings.
SLF4J: Found binding in [jar:file:/home/loicb/.m2/repository/ch/qos/logback/logback-classic/1.2.11/logback-classic-1.2.11.jar!/org/slf4j/impl/StaticLoggerBinder.class]
SLF4J: Found binding in [jar:file:/home/loicb/.m2/repository/org/apache/logging/log4j/log4j-slf4j-impl/2.17.2/log4j-slf4j-impl-2.17.2.jar!/org/slf4j/impl/StaticLoggerBinder.class]
SLF4J: See http://www.slf4j.org/codes.html#multiple_bindings for an explanation.
SLF4J: Actual binding is of type [ch.qos.logback.classic.util.ContextSelectorStaticBinder]
]]></system-err>
  </testcase>
  <testcase name="getPatientById_WhenDoesNotExist_ShouldThrowDataNotFoundException" classname="com.mediscreen.patientinfo.integrationTest.PatientInfoIT" time="0.022">
    <system-out><![CDATA[22:32:27.329 [main] TRACE com.mediscreen.patientinfo.controller.impl.PatientControllerImpl - Get patient: id=99
22:32:27.333 [main] WARN  com.mediscreen.patientinfo.service.impl.PatientServiceImpl - Error, patient with id=99 doesn't exist.
]]></system-out>
  </testcase>
  <testcase name="getPatientByFamilyNameAndLastName_WhenDoesNotExist_ShouldThrowDataNotFoundException" classname="com.mediscreen.patientinfo.integrationTest.PatientInfoIT" time="0.187">
    <system-out><![CDATA[22:32:27.355 [main] TRACE com.mediscreen.patientinfo.controller.impl.PatientControllerImpl - Get patient: familyNameTest1 - woops
22:32:27.528 [main] WARN  com.mediscreen.patientinfo.service.impl.PatientServiceImpl - Error, patient with familyName: familyNameTest1 and givenName: woops doesn't exist.
]]></system-out>
  </testcase>
  <testcase name="updatePatient_WhenDoesNotExist_ShouldThrowDataNotFoundException" classname="com.mediscreen.patientinfo.integrationTest.PatientInfoIT" time="0.018">
    <system-out><![CDATA[22:32:27.542 [main] TRACE com.mediscreen.patientinfo.controller.impl.PatientControllerImpl - Updating patient: familynametest - nametest.
22:32:27.547 [main] WARN  com.mediscreen.patientinfo.service.impl.PatientServiceImpl - Error, patient with familyName: familynametest and givenName: nametest doesn't exist.
]]></system-out>
  </testcase>
  <testcase name="getPatientByIdInvalid_ShouldThrowBadArgumentException" classname="com.mediscreen.patientinfo.integrationTest.PatientInfoIT" time="0.008">
    <system-out><![CDATA[22:32:27.558 [main] WARN  com.mediscreen.patientinfo.controller.impl.PatientControllerImpl - Error, invalid parameters for id: 0
]]></system-out>
  </testcase>
  <testcase name="getPatientByFamilyNameAndLastNameInvalid_ShouldThrowBadArgumentException" classname="com.mediscreen.patientinfo.integrationTest.PatientInfoIT" time="0.007">
    <system-out><![CDATA[22:32:27.566 [main] WARN  com.mediscreen.patientinfo.controller.impl.PatientControllerImpl - Error, invalid parameters for familyName: familyNameTest1 givenName: .
]]></system-out>
  </testcase>
  <testcase name="updatePatientInvalid_ShouldThrowBadArgumentException" classname="com.mediscreen.patientinfo.integrationTest.PatientInfoIT" time="0.023">
    <system-out><![CDATA[22:32:27.591 [main] WARN  com.mediscreen.patientinfo.controller.impl.PatientControllerImpl - Error, invalid argument:[id, givenName]
]]></system-out>
  </testcase>
  <testcase name="createPatientValid" classname="com.mediscreen.patientinfo.integrationTest.PatientInfoIT" time="0.073">
    <system-out><![CDATA[22:32:27.609 [main] TRACE com.mediscreen.patientinfo.controller.impl.PatientControllerImpl - Creating patient: familynametest - nametest.
22:32:27.613 [main] TRACE com.mediscreen.patientinfo.service.impl.PatientServiceImpl - Save patient: familynametest - nametest
22:32:27.640 [main] TRACE com.mediscreen.patientinfo.service.impl.PatientServiceImpl - Saved Patient: familynametest - nametest with id: 5
]]></system-out>
  </testcase>
  <testcase name="createPatient_WhenAlreadyExist_ShouldThrowDataAlreadyExistException" classname="com.mediscreen.patientinfo.integrationTest.PatientInfoIT" time="0.012">
    <system-out><![CDATA[22:32:27.674 [main] TRACE com.mediscreen.patientinfo.controller.impl.PatientControllerImpl - Creating patient: familyNameTest4 - givenNameTest4.
22:32:27.678 [main] WARN  com.mediscreen.patientinfo.service.impl.PatientServiceImpl - Error, patient with familyName: familyNameTest4 and givenName: givenNameTest4 already exist with id: 4.
]]></system-out>
  </testcase>
  <testcase name="createPatientInvalid_ShouldThrowBadArgumentException" classname="com.mediscreen.patientinfo.integrationTest.PatientInfoIT" time="0.011">
    <system-out><![CDATA[22:32:27.689 [main] WARN  com.mediscreen.patientinfo.controller.impl.PatientControllerImpl - Error, invalid argument:[familyName]
]]></system-out>
  </testcase>
  <testcase name="getPatientByIdValid" classname="com.mediscreen.patientinfo.integrationTest.PatientInfoIT" time="0.012">
    <system-out><![CDATA[22:32:27.697 [main] TRACE com.mediscreen.patientinfo.controller.impl.PatientControllerImpl - Get patient: id=2
]]></system-out>
  </testcase>
  <testcase name="getPatientByFamilyNameAndLastNameValid" classname="com.mediscreen.patientinfo.integrationTest.PatientInfoIT" time="0.01">
    <system-out><![CDATA[22:32:27.711 [main] TRACE com.mediscreen.patientinfo.controller.impl.PatientControllerImpl - Get patient: familyNameTest1 - givenNameTest1
]]></system-out>
  </testcase>
</testsuite>