<?xml version="1.0" encoding="UTF-8"?>
<testsuite xmlns:xsi="http://www.w3.org/2001/XMLSchema-instance" xsi:noNamespaceSchemaLocation="https://maven.apache.org/surefire/maven-failsafe-plugin/xsd/failsafe-test-report-3.0.xsd" version="3.0" name="com.mediscreen.patienthistory.integrationTest.PatienthistoryApplicationTestsIT" time="5.206" tests="7" errors="0" skipped="0" failures="0">
  <properties>
    <property name="java.specification.version" value="17"/>
    <property name="sun.jnu.encoding" value="UTF-8"/>
    <property name="java.class.path" value="/home/loicb/Formation/Projet/Projet9_loic_benoit/mediscreen/patienthistory/target/test-classes:/home/loicb/Formation/Projet/Projet9_loic_benoit/mediscreen/patienthistory/target/classes:/home/loicb/.m2/repository/org/springframework/boot/spring-boot-starter-actuator/2.7.0/spring-boot-starter-actuator-2.7.0.jar:/home/loicb/.m2/repository/org/springframework/boot/spring-boot-starter/2.7.0/spring-boot-starter-2.7.0.jar:/home/loicb/.m2/repository/org/springframework/boot/spring-boot/2.7.0/spring-boot-2.7.0.jar:/home/loicb/.m2/repository/org/springframework/boot/spring-boot-autoconfigure/2.7.0/spring-boot-autoconfigure-2.7.0.jar:/home/loicb/.m2/repository/org/springframework/boot/spring-boot-starter-logging/2.7.0/spring-boot-starter-logging-2.7.0.jar:/home/loicb/.m2/repository/ch/qos/logback/logback-classic/1.2.11/logback-classic-1.2.11.jar:/home/loicb/.m2/repository/ch/qos/logback/logback-core/1.2.11/logback-core-1.2.11.jar:/home/loicb/.m2/repository/org/apache/logging/log4j/log4j-to-slf4j/2.17.2/log4j-to-slf4j-2.17.2.jar:/home/loicb/.m2/repository/org/apache/logging/log4j/log4j-api/2.17.2/log4j-api-2.17.2.jar:/home/loicb/.m2/repository/org/slf4j/jul-to-slf4j/1.7.36/jul-to-slf4j-1.7.36.jar:/home/loicb/.m2/repository/jakarta/annotation/jakarta.annotation-api/1.3.5/jakarta.annotation-api-1.3.5.jar:/home/loicb/.m2/repository/org/yaml/snakeyaml/1.30/snakeyaml-1.30.jar:/home/loicb/.m2/repository/org/springframework/boot/spring-boot-actuator-autoconfigure/2.7.0/spring-boot-actuator-autoconfigure-2.7.0.jar:/home/loicb/.m2/repository/org/springframework/boot/spring-boot-actuator/2.7.0/spring-boot-actuator-2.7.0.jar:/home/loicb/.m2/repository/com/fasterxml/jackson/core/jackson-databind/2.13.3/jackson-databind-2.13.3.jar:/home/loicb/.m2/repository/com/fasterxml/jackson/core/jackson-annotations/2.13.3/jackson-annotations-2.13.3.jar:/home/loicb/.m2/repository/com/fasterxml/jackson/core/jackson-core/2.13.3/jackson-core-2.13.3.jar:/home/loicb/.m2/repository/com/fasterxml/jackson/datatype/jackson-datatype-jsr310/2.13.3/jackson-datatype-jsr310-2.13.3.jar:/home/loicb/.m2/repository/io/micrometer/micrometer-core/1.9.0/micrometer-core-1.9.0.jar:/home/loicb/.m2/repository/org/hdrhistogram/HdrHistogram/2.1.12/HdrHistogram-2.1.12.jar:/home/loicb/.m2/repository/org/latencyutils/LatencyUtils/2.0.3/LatencyUtils-2.0.3.jar:/home/loicb/.m2/repository/org/springframework/boot/spring-boot-starter-data-mongodb/2.7.0/spring-boot-starter-data-mongodb-2.7.0.jar:/home/loicb/.m2/repository/org/mongodb/mongodb-driver-sync/4.6.0/mongodb-driver-sync-4.6.0.jar:/home/loicb/.m2/repository/org/mongodb/bson/4.6.0/bson-4.6.0.jar:/home/loicb/.m2/repository/org/mongodb/mongodb-driver-core/4.6.0/mongodb-driver-core-4.6.0.jar:/home/loicb/.m2/repository/org/mongodb/bson-record-codec/4.6.0/bson-record-codec-4.6.0.jar:/home/loicb/.m2/repository/org/springframework/data/spring-data-mongodb/3.4.0/spring-data-mongodb-3.4.0.jar:/home/loicb/.m2/repository/org/springframework/spring-tx/5.3.20/spring-tx-5.3.20.jar:/home/loicb/.m2/repository/org/springframework/spring-context/5.3.20/spring-context-5.3.20.jar:/home/loicb/.m2/repository/org/springframework/spring-beans/5.3.20/spring-beans-5.3.20.jar:/home/loicb/.m2/repository/org/springframework/spring-expression/5.3.20/spring-expression-5.3.20.jar:/home/loicb/.m2/repository/org/springframework/data/spring-data-commons/2.7.0/spring-data-commons-2.7.0.jar:/home/loicb/.m2/repository/org/slf4j/slf4j-api/1.7.36/slf4j-api-1.7.36.jar:/home/loicb/.m2/repository/org/springframework/boot/spring-boot-starter-validation/2.7.0/spring-boot-starter-validation-2.7.0.jar:/home/loicb/.m2/repository/org/apache/tomcat/embed/tomcat-embed-el/9.0.63/tomcat-embed-el-9.0.63.jar:/home/loicb/.m2/repository/org/hibernate/validator/hibernate-validator/6.2.3.Final/hibernate-validator-6.2.3.Final.jar:/home/loicb/.m2/repository/jakarta/validation/jakarta.validation-api/2.0.2/jakarta.validation-api-2.0.2.jar:/home/loicb/.m2/repository/org/jboss/logging/jboss-logging/3.4.3.Final/jboss-logging-3.4.3.Final.jar:/home/loicb/.m2/repository/com/fasterxml/classmate/1.5.1/classmate-1.5.1.jar:/home/loicb/.m2/repository/org/springframework/boot/spring-boot-starter-web/2.7.0/spring-boot-starter-web-2.7.0.jar:/home/loicb/.m2/repository/org/springframework/boot/spring-boot-starter-json/2.7.0/spring-boot-starter-json-2.7.0.jar:/home/loicb/.m2/repository/com/fasterxml/jackson/datatype/jackson-datatype-jdk8/2.13.3/jackson-datatype-jdk8-2.13.3.jar:/home/loicb/.m2/repository/com/fasterxml/jackson/module/jackson-module-parameter-names/2.13.3/jackson-module-parameter-names-2.13.3.jar:/home/loicb/.m2/repository/org/springframework/boot/spring-boot-starter-tomcat/2.7.0/spring-boot-starter-tomcat-2.7.0.jar:/home/loicb/.m2/repository/org/apache/tomcat/embed/tomcat-embed-core/9.0.63/tomcat-embed-core-9.0.63.jar:/home/loicb/.m2/repository/org/apache/tomcat/embed/tomcat-embed-websocket/9.0.63/tomcat-embed-websocket-9.0.63.jar:/home/loicb/.m2/repository/org/springframework/spring-web/5.3.20/spring-web-5.3.20.jar:/home/loicb/.m2/repository/org/springframework/spring-webmvc/5.3.20/spring-webmvc-5.3.20.jar:/home/loicb/.m2/repository/org/springframework/spring-aop/5.3.20/spring-aop-5.3.20.jar:/home/loicb/.m2/repository/org/springframework/boot/spring-boot-starter-test/2.7.0/spring-boot-starter-test-2.7.0.jar:/home/loicb/.m2/repository/org/springframework/boot/spring-boot-test/2.7.0/spring-boot-test-2.7.0.jar:/home/loicb/.m2/repository/org/springframework/boot/spring-boot-test-autoconfigure/2.7.0/spring-boot-test-autoconfigure-2.7.0.jar:/home/loicb/.m2/repository/com/jayway/jsonpath/json-path/2.7.0/json-path-2.7.0.jar:/home/loicb/.m2/repository/net/minidev/json-smart/2.4.8/json-smart-2.4.8.jar:/home/loicb/.m2/repository/net/minidev/accessors-smart/2.4.8/accessors-smart-2.4.8.jar:/home/loicb/.m2/repository/org/ow2/asm/asm/9.1/asm-9.1.jar:/home/loicb/.m2/repository/jakarta/xml/bind/jakarta.xml.bind-api/2.3.3/jakarta.xml.bind-api-2.3.3.jar:/home/loicb/.m2/repository/jakarta/activation/jakarta.activation-api/1.2.2/jakarta.activation-api-1.2.2.jar:/home/loicb/.m2/repository/org/assertj/assertj-core/3.22.0/assertj-core-3.22.0.jar:/home/loicb/.m2/repository/org/hamcrest/hamcrest/2.2/hamcrest-2.2.jar:/home/loicb/.m2/repository/org/junit/jupiter/junit-jupiter/5.8.2/junit-jupiter-5.8.2.jar:/home/loicb/.m2/repository/org/junit/jupiter/junit-jupiter-api/5.8.2/junit-jupiter-api-5.8.2.jar:/home/loicb/.m2/repository/org/opentest4j/opentest4j/1.2.0/opentest4j-1.2.0.jar:/home/loicb/.m2/repository/org/junit/platform/junit-platform-commons/1.8.2/junit-platform-commons-1.8.2.jar:/home/loicb/.m2/repository/org/apiguardian/apiguardian-api/1.1.2/apiguardian-api-1.1.2.jar:/home/loicb/.m2/repository/org/junit/jupiter/junit-jupiter-params/5.8.2/junit-jupiter-params-5.8.2.jar:/home/loicb/.m2/repository/org/junit/jupiter/junit-jupiter-engine/5.8.2/junit-jupiter-engine-5.8.2.jar:/home/loicb/.m2/repository/org/junit/platform/junit-platform-engine/1.8.2/junit-platform-engine-1.8.2.jar:/home/loicb/.m2/repository/org/mockito/mockito-core/4.5.1/mockito-core-4.5.1.jar:/home/loicb/.m2/repository/net/bytebuddy/byte-buddy/1.12.10/byte-buddy-1.12.10.jar:/home/loicb/.m2/repository/net/bytebuddy/byte-buddy-agent/1.12.10/byte-buddy-agent-1.12.10.jar:/home/loicb/.m2/repository/org/objenesis/objenesis/3.2/objenesis-3.2.jar:/home/loicb/.m2/repository/org/mockito/mockito-junit-jupiter/4.5.1/mockito-junit-jupiter-4.5.1.jar:/home/loicb/.m2/repository/org/skyscreamer/jsonassert/1.5.0/jsonassert-1.5.0.jar:/home/loicb/.m2/repository/com/vaadin/external/google/android-json/0.0.20131108.vaadin1/android-json-0.0.20131108.vaadin1.jar:/home/loicb/.m2/repository/org/springframework/spring-core/5.3.20/spring-core-5.3.20.jar:/home/loicb/.m2/repository/org/springframework/spring-jcl/5.3.20/spring-jcl-5.3.20.jar:/home/loicb/.m2/repository/org/springframework/spring-test/5.3.20/spring-test-5.3.20.jar:/home/loicb/.m2/repository/org/xmlunit/xmlunit-core/2.9.0/xmlunit-core-2.9.0.jar:"/>
    <property name="java.vm.vendor" value="Oracle Corporation"/>
    <property name="sun.arch.data.model" value="64"/>
    <property name="java.vendor.url" value="https://java.oracle.com/"/>
    <property name="user.timezone" value="Europe/Paris"/>
    <property name="os.name" value="Linux"/>
    <property name="java.vm.specification.version" value="17"/>
    <property name="sun.java.launcher" value="SUN_STANDARD"/>
    <property name="user.country" value="FR"/>
    <property name="sun.boot.library.path" value="/opt/jdk17/lib"/>
    <property name="sun.java.command" value="/home/loicb/Formation/Projet/Projet9_loic_benoit/mediscreen/patienthistory/target/surefire/surefirebooter-20220707155703295_3.jar /home/loicb/Formation/Projet/Projet9_loic_benoit/mediscreen/patienthistory/target/surefire 2022-07-07T15-57-03_140-jvmRun1 surefire-20220707155703295_1tmp surefire_0-20220707155703295_2tmp"/>
    <property name="jdk.debug" value="release"/>
    <property name="surefire.test.class.path" value="/home/loicb/Formation/Projet/Projet9_loic_benoit/mediscreen/patienthistory/target/test-classes:/home/loicb/Formation/Projet/Projet9_loic_benoit/mediscreen/patienthistory/target/classes:/home/loicb/.m2/repository/org/springframework/boot/spring-boot-starter-actuator/2.7.0/spring-boot-starter-actuator-2.7.0.jar:/home/loicb/.m2/repository/org/springframework/boot/spring-boot-starter/2.7.0/spring-boot-starter-2.7.0.jar:/home/loicb/.m2/repository/org/springframework/boot/spring-boot/2.7.0/spring-boot-2.7.0.jar:/home/loicb/.m2/repository/org/springframework/boot/spring-boot-autoconfigure/2.7.0/spring-boot-autoconfigure-2.7.0.jar:/home/loicb/.m2/repository/org/springframework/boot/spring-boot-starter-logging/2.7.0/spring-boot-starter-logging-2.7.0.jar:/home/loicb/.m2/repository/ch/qos/logback/logback-classic/1.2.11/logback-classic-1.2.11.jar:/home/loicb/.m2/repository/ch/qos/logback/logback-core/1.2.11/logback-core-1.2.11.jar:/home/loicb/.m2/repository/org/apache/logging/log4j/log4j-to-slf4j/2.17.2/log4j-to-slf4j-2.17.2.jar:/home/loicb/.m2/repository/org/apache/logging/log4j/log4j-api/2.17.2/log4j-api-2.17.2.jar:/home/loicb/.m2/repository/org/slf4j/jul-to-slf4j/1.7.36/jul-to-slf4j-1.7.36.jar:/home/loicb/.m2/repository/jakarta/annotation/jakarta.annotation-api/1.3.5/jakarta.annotation-api-1.3.5.jar:/home/loicb/.m2/repository/org/yaml/snakeyaml/1.30/snakeyaml-1.30.jar:/home/loicb/.m2/repository/org/springframework/boot/spring-boot-actuator-autoconfigure/2.7.0/spring-boot-actuator-autoconfigure-2.7.0.jar:/home/loicb/.m2/repository/org/springframework/boot/spring-boot-actuator/2.7.0/spring-boot-actuator-2.7.0.jar:/home/loicb/.m2/repository/com/fasterxml/jackson/core/jackson-databind/2.13.3/jackson-databind-2.13.3.jar:/home/loicb/.m2/repository/com/fasterxml/jackson/core/jackson-annotations/2.13.3/jackson-annotations-2.13.3.jar:/home/loicb/.m2/repository/com/fasterxml/jackson/core/jackson-core/2.13.3/jackson-core-2.13.3.jar:/home/loicb/.m2/repository/com/fasterxml/jackson/datatype/jackson-datatype-jsr310/2.13.3/jackson-datatype-jsr310-2.13.3.jar:/home/loicb/.m2/repository/io/micrometer/micrometer-core/1.9.0/micrometer-core-1.9.0.jar:/home/loicb/.m2/repository/org/hdrhistogram/HdrHistogram/2.1.12/HdrHistogram-2.1.12.jar:/home/loicb/.m2/repository/org/latencyutils/LatencyUtils/2.0.3/LatencyUtils-2.0.3.jar:/home/loicb/.m2/repository/org/springframework/boot/spring-boot-starter-data-mongodb/2.7.0/spring-boot-starter-data-mongodb-2.7.0.jar:/home/loicb/.m2/repository/org/mongodb/mongodb-driver-sync/4.6.0/mongodb-driver-sync-4.6.0.jar:/home/loicb/.m2/repository/org/mongodb/bson/4.6.0/bson-4.6.0.jar:/home/loicb/.m2/repository/org/mongodb/mongodb-driver-core/4.6.0/mongodb-driver-core-4.6.0.jar:/home/loicb/.m2/repository/org/mongodb/bson-record-codec/4.6.0/bson-record-codec-4.6.0.jar:/home/loicb/.m2/repository/org/springframework/data/spring-data-mongodb/3.4.0/spring-data-mongodb-3.4.0.jar:/home/loicb/.m2/repository/org/springframework/spring-tx/5.3.20/spring-tx-5.3.20.jar:/home/loicb/.m2/repository/org/springframework/spring-context/5.3.20/spring-context-5.3.20.jar:/home/loicb/.m2/repository/org/springframework/spring-beans/5.3.20/spring-beans-5.3.20.jar:/home/loicb/.m2/repository/org/springframework/spring-expression/5.3.20/spring-expression-5.3.20.jar:/home/loicb/.m2/repository/org/springframework/data/spring-data-commons/2.7.0/spring-data-commons-2.7.0.jar:/home/loicb/.m2/repository/org/slf4j/slf4j-api/1.7.36/slf4j-api-1.7.36.jar:/home/loicb/.m2/repository/org/springframework/boot/spring-boot-starter-validation/2.7.0/spring-boot-starter-validation-2.7.0.jar:/home/loicb/.m2/repository/org/apache/tomcat/embed/tomcat-embed-el/9.0.63/tomcat-embed-el-9.0.63.jar:/home/loicb/.m2/repository/org/hibernate/validator/hibernate-validator/6.2.3.Final/hibernate-validator-6.2.3.Final.jar:/home/loicb/.m2/repository/jakarta/validation/jakarta.validation-api/2.0.2/jakarta.validation-api-2.0.2.jar:/home/loicb/.m2/repository/org/jboss/logging/jboss-logging/3.4.3.Final/jboss-logging-3.4.3.Final.jar:/home/loicb/.m2/repository/com/fasterxml/classmate/1.5.1/classmate-1.5.1.jar:/home/loicb/.m2/repository/org/springframework/boot/spring-boot-starter-web/2.7.0/spring-boot-starter-web-2.7.0.jar:/home/loicb/.m2/repository/org/springframework/boot/spring-boot-starter-json/2.7.0/spring-boot-starter-json-2.7.0.jar:/home/loicb/.m2/repository/com/fasterxml/jackson/datatype/jackson-datatype-jdk8/2.13.3/jackson-datatype-jdk8-2.13.3.jar:/home/loicb/.m2/repository/com/fasterxml/jackson/module/jackson-module-parameter-names/2.13.3/jackson-module-parameter-names-2.13.3.jar:/home/loicb/.m2/repository/org/springframework/boot/spring-boot-starter-tomcat/2.7.0/spring-boot-starter-tomcat-2.7.0.jar:/home/loicb/.m2/repository/org/apache/tomcat/embed/tomcat-embed-core/9.0.63/tomcat-embed-core-9.0.63.jar:/home/loicb/.m2/repository/org/apache/tomcat/embed/tomcat-embed-websocket/9.0.63/tomcat-embed-websocket-9.0.63.jar:/home/loicb/.m2/repository/org/springframework/spring-web/5.3.20/spring-web-5.3.20.jar:/home/loicb/.m2/repository/org/springframework/spring-webmvc/5.3.20/spring-webmvc-5.3.20.jar:/home/loicb/.m2/repository/org/springframework/spring-aop/5.3.20/spring-aop-5.3.20.jar:/home/loicb/.m2/repository/org/springframework/boot/spring-boot-starter-test/2.7.0/spring-boot-starter-test-2.7.0.jar:/home/loicb/.m2/repository/org/springframework/boot/spring-boot-test/2.7.0/spring-boot-test-2.7.0.jar:/home/loicb/.m2/repository/org/springframework/boot/spring-boot-test-autoconfigure/2.7.0/spring-boot-test-autoconfigure-2.7.0.jar:/home/loicb/.m2/repository/com/jayway/jsonpath/json-path/2.7.0/json-path-2.7.0.jar:/home/loicb/.m2/repository/net/minidev/json-smart/2.4.8/json-smart-2.4.8.jar:/home/loicb/.m2/repository/net/minidev/accessors-smart/2.4.8/accessors-smart-2.4.8.jar:/home/loicb/.m2/repository/org/ow2/asm/asm/9.1/asm-9.1.jar:/home/loicb/.m2/repository/jakarta/xml/bind/jakarta.xml.bind-api/2.3.3/jakarta.xml.bind-api-2.3.3.jar:/home/loicb/.m2/repository/jakarta/activation/jakarta.activation-api/1.2.2/jakarta.activation-api-1.2.2.jar:/home/loicb/.m2/repository/org/assertj/assertj-core/3.22.0/assertj-core-3.22.0.jar:/home/loicb/.m2/repository/org/hamcrest/hamcrest/2.2/hamcrest-2.2.jar:/home/loicb/.m2/repository/org/junit/jupiter/junit-jupiter/5.8.2/junit-jupiter-5.8.2.jar:/home/loicb/.m2/repository/org/junit/jupiter/junit-jupiter-api/5.8.2/junit-jupiter-api-5.8.2.jar:/home/loicb/.m2/repository/org/opentest4j/opentest4j/1.2.0/opentest4j-1.2.0.jar:/home/loicb/.m2/repository/org/junit/platform/junit-platform-commons/1.8.2/junit-platform-commons-1.8.2.jar:/home/loicb/.m2/repository/org/apiguardian/apiguardian-api/1.1.2/apiguardian-api-1.1.2.jar:/home/loicb/.m2/repository/org/junit/jupiter/junit-jupiter-params/5.8.2/junit-jupiter-params-5.8.2.jar:/home/loicb/.m2/repository/org/junit/jupiter/junit-jupiter-engine/5.8.2/junit-jupiter-engine-5.8.2.jar:/home/loicb/.m2/repository/org/junit/platform/junit-platform-engine/1.8.2/junit-platform-engine-1.8.2.jar:/home/loicb/.m2/repository/org/mockito/mockito-core/4.5.1/mockito-core-4.5.1.jar:/home/loicb/.m2/repository/net/bytebuddy/byte-buddy/1.12.10/byte-buddy-1.12.10.jar:/home/loicb/.m2/repository/net/bytebuddy/byte-buddy-agent/1.12.10/byte-buddy-agent-1.12.10.jar:/home/loicb/.m2/repository/org/objenesis/objenesis/3.2/objenesis-3.2.jar:/home/loicb/.m2/repository/org/mockito/mockito-junit-jupiter/4.5.1/mockito-junit-jupiter-4.5.1.jar:/home/loicb/.m2/repository/org/skyscreamer/jsonassert/1.5.0/jsonassert-1.5.0.jar:/home/loicb/.m2/repository/com/vaadin/external/google/android-json/0.0.20131108.vaadin1/android-json-0.0.20131108.vaadin1.jar:/home/loicb/.m2/repository/org/springframework/spring-core/5.3.20/spring-core-5.3.20.jar:/home/loicb/.m2/repository/org/springframework/spring-jcl/5.3.20/spring-jcl-5.3.20.jar:/home/loicb/.m2/repository/org/springframework/spring-test/5.3.20/spring-test-5.3.20.jar:/home/loicb/.m2/repository/org/xmlunit/xmlunit-core/2.9.0/xmlunit-core-2.9.0.jar:"/>
    <property name="sun.cpu.endian" value="little"/>
    <property name="user.home" value="/home/loicb"/>
    <property name="user.language" value="fr"/>
    <property name="java.specification.vendor" value="Oracle Corporation"/>
    <property name="java.version.date" value="2021-09-14"/>
    <property name="java.home" value="/opt/jdk17"/>
    <property name="file.separator" value="/"/>
    <property name="basedir" value="/home/loicb/Formation/Projet/Projet9_loic_benoit/mediscreen/patienthistory"/>
    <property name="java.vm.compressedOopsMode" value="Zero based"/>
    <property name="line.separator" value="&#10;"/>
    <property name="java.specification.name" value="Java Platform API Specification"/>
    <property name="java.vm.specification.vendor" value="Oracle Corporation"/>
    <property name="FILE_LOG_CHARSET" value="UTF-8"/>
    <property name="java.awt.headless" value="true"/>
    <property name="surefire.real.class.path" value="/home/loicb/Formation/Projet/Projet9_loic_benoit/mediscreen/patienthistory/target/surefire/surefirebooter-20220707155703295_3.jar"/>
    <property name="sun.management.compiler" value="HotSpot 64-Bit Tiered Compilers"/>
    <property name="java.runtime.version" value="17+35-LTS-2724"/>
    <property name="user.name" value="loicb"/>
    <property name="path.separator" value=":"/>
    <property name="os.version" value="4.19.0-21-amd64"/>
    <property name="java.runtime.name" value="Java(TM) SE Runtime Environment"/>
    <property name="file.encoding" value="UTF-8"/>
    <property name="spring.beaninfo.ignore" value="true"/>
    <property name="java.vm.name" value="Java HotSpot(TM) 64-Bit Server VM"/>
    <property name="localRepository" value="/home/loicb/.m2/repository"/>
    <property name="java.vendor.url.bug" value="https://bugreport.java.com/bugreport/"/>
    <property name="java.io.tmpdir" value="/tmp"/>
    <property name="idea.version" value="2022.1.3"/>
    <property name="java.version" value="17"/>
    <property name="user.dir" value="/home/loicb/Formation/Projet/Projet9_loic_benoit/mediscreen/patienthistory"/>
    <property name="os.arch" value="amd64"/>
    <property name="java.vm.specification.name" value="Java Virtual Machine Specification"/>
    <property name="PID" value="2892"/>
    <property name="CONSOLE_LOG_CHARSET" value="UTF-8"/>
    <property name="native.encoding" value="UTF-8"/>
    <property name="java.library.path" value="/usr/java/packages/lib:/usr/lib64:/lib64:/lib:/usr/lib"/>
    <property name="java.vm.info" value="mixed mode, sharing"/>
    <property name="java.vendor" value="Oracle Corporation"/>
    <property name="java.vm.version" value="17+35-LTS-2724"/>
    <property name="sun.io.unicode.encoding" value="UnicodeLittle"/>
    <property name="java.class.version" value="61.0"/>
  </properties>
  <testcase name="createPatientHistoryValid" classname="com.mediscreen.patienthistory.integrationTest.PatienthistoryApplicationTestsIT" time="1.053">
    <system-out><![CDATA[15:57:04.231 [main] DEBUG org.springframework.test.context.BootstrapUtils - Instantiating CacheAwareContextLoaderDelegate from class [org.springframework.test.context.cache.DefaultCacheAwareContextLoaderDelegate]
15:57:04.246 [main] DEBUG org.springframework.test.context.BootstrapUtils - Instantiating BootstrapContext using constructor [public org.springframework.test.context.support.DefaultBootstrapContext(java.lang.Class,org.springframework.test.context.CacheAwareContextLoaderDelegate)]
15:57:04.307 [main] DEBUG org.springframework.test.context.BootstrapUtils - Instantiating TestContextBootstrapper for test class [com.mediscreen.patienthistory.integrationTest.PatienthistoryApplicationTestsIT] from class [org.springframework.boot.test.context.SpringBootTestContextBootstrapper]
15:57:04.328 [main] INFO org.springframework.boot.test.context.SpringBootTestContextBootstrapper - Neither @ContextConfiguration nor @ContextHierarchy found for test class [com.mediscreen.patienthistory.integrationTest.PatienthistoryApplicationTestsIT], using SpringBootContextLoader
15:57:04.334 [main] DEBUG org.springframework.test.context.support.AbstractContextLoader - Did not detect default resource location for test class [com.mediscreen.patienthistory.integrationTest.PatienthistoryApplicationTestsIT]: class path resource [com/mediscreen/patienthistory/integrationTest/PatienthistoryApplicationTestsIT-context.xml] does not exist
15:57:04.334 [main] DEBUG org.springframework.test.context.support.AbstractContextLoader - Did not detect default resource location for test class [com.mediscreen.patienthistory.integrationTest.PatienthistoryApplicationTestsIT]: class path resource [com/mediscreen/patienthistory/integrationTest/PatienthistoryApplicationTestsITContext.groovy] does not exist
15:57:04.334 [main] INFO org.springframework.test.context.support.AbstractContextLoader - Could not detect default resource locations for test class [com.mediscreen.patienthistory.integrationTest.PatienthistoryApplicationTestsIT]: no resource found for suffixes {-context.xml, Context.groovy}.
15:57:04.538 [main] DEBUG org.springframework.boot.test.context.SpringBootTestContextBootstrapper - @TestExecutionListeners is not present for class [com.mediscreen.patienthistory.integrationTest.PatienthistoryApplicationTestsIT]: using defaults.
15:57:04.539 [main] INFO org.springframework.boot.test.context.SpringBootTestContextBootstrapper - Loaded default TestExecutionListener class names from location [META-INF/spring.factories]: [org.springframework.boot.test.mock.mockito.MockitoTestExecutionListener, org.springframework.boot.test.mock.mockito.ResetMocksTestExecutionListener, org.springframework.boot.test.autoconfigure.restdocs.RestDocsTestExecutionListener, org.springframework.boot.test.autoconfigure.web.client.MockRestServiceServerResetTestExecutionListener, org.springframework.boot.test.autoconfigure.web.servlet.MockMvcPrintOnlyOnFailureTestExecutionListener, org.springframework.boot.test.autoconfigure.web.servlet.WebDriverTestExecutionListener, org.springframework.boot.test.autoconfigure.webservices.client.MockWebServiceServerTestExecutionListener, org.springframework.test.context.web.ServletTestExecutionListener, org.springframework.test.context.support.DirtiesContextBeforeModesTestExecutionListener, org.springframework.test.context.event.ApplicationEventsTestExecutionListener, org.springframework.test.context.support.DependencyInjectionTestExecutionListener, org.springframework.test.context.support.DirtiesContextTestExecutionListener, org.springframework.test.context.transaction.TransactionalTestExecutionListener, org.springframework.test.context.jdbc.SqlScriptsTestExecutionListener, org.springframework.test.context.event.EventPublishingTestExecutionListener]
15:57:04.559 [main] INFO org.springframework.boot.test.context.SpringBootTestContextBootstrapper - Using TestExecutionListeners: [org.springframework.test.context.web.ServletTestExecutionListener@f096f37, org.springframework.test.context.support.DirtiesContextBeforeModesTestExecutionListener@3effd4f3, org.springframework.test.context.event.ApplicationEventsTestExecutionListener@41f4fe5, org.springframework.boot.test.mock.mockito.MockitoTestExecutionListener@15f8701f, org.springframework.boot.test.autoconfigure.SpringBootDependencyInjectionTestExecutionListener@514cd540, org.springframework.test.context.support.DirtiesContextTestExecutionListener@11d4dbd6, org.springframework.test.context.transaction.TransactionalTestExecutionListener@6f4ade6e, org.springframework.test.context.jdbc.SqlScriptsTestExecutionListener@39e43310, org.springframework.test.context.event.EventPublishingTestExecutionListener@eb507b9, org.springframework.boot.test.mock.mockito.ResetMocksTestExecutionListener@390877d2, org.springframework.boot.test.autoconfigure.restdocs.RestDocsTestExecutionListener@86733, org.springframework.boot.test.autoconfigure.web.client.MockRestServiceServerResetTestExecutionListener@186cb891, org.springframework.boot.test.autoconfigure.web.servlet.MockMvcPrintOnlyOnFailureTestExecutionListener@3ec2ecea, org.springframework.boot.test.autoconfigure.web.servlet.WebDriverTestExecutionListener@440eaa07, org.springframework.boot.test.autoconfigure.webservices.client.MockWebServiceServerTestExecutionListener@7fc7c4a]
15:57:04.564 [main] DEBUG org.springframework.test.context.support.AbstractDirtiesContextTestExecutionListener - Before test class: context [DefaultTestContext@7bebcd65 testClass = PatienthistoryApplicationTestsIT, testInstance = [null], testMethod = [null], testException = [null], mergedContextConfiguration = [WebMergedContextConfiguration@47447ccf testClass = PatienthistoryApplicationTestsIT, locations = '{}', classes = '{class com.mediscreen.patienthistory.PatienthistoryApplication}', contextInitializerClasses = '[]', activeProfiles = '{test}', propertySourceLocations = '{}', propertySourceProperties = '{org.springframework.boot.test.context.SpringBootTestContextBootstrapper=true}', contextCustomizers = set[[ImportsContextCustomizer@7afb1741 key = [org.springframework.boot.test.autoconfigure.web.servlet.MockMvcAutoConfiguration, org.springframework.boot.test.autoconfigure.web.servlet.MockMvcWebClientAutoConfiguration, org.springframework.boot.test.autoconfigure.web.servlet.MockMvcWebDriverAutoConfiguration, org.springframework.boot.autoconfigure.security.oauth2.client.servlet.OAuth2ClientAutoConfiguration, org.springframework.boot.autoconfigure.security.oauth2.resource.servlet.OAuth2ResourceServerAutoConfiguration, org.springframework.boot.autoconfigure.security.servlet.SecurityAutoConfiguration, org.springframework.boot.autoconfigure.security.servlet.SecurityFilterAutoConfiguration, org.springframework.boot.autoconfigure.security.servlet.UserDetailsServiceAutoConfiguration, org.springframework.boot.test.autoconfigure.web.servlet.MockMvcSecurityConfiguration, org.springframework.boot.test.autoconfigure.web.reactive.WebTestClientAutoConfiguration]], org.springframework.boot.test.context.filter.ExcludeFilterContextCustomizer@1adb7478, org.springframework.boot.test.json.DuplicateJsonObjectContextCustomizerFactory$DuplicateJsonObjectContextCustomizer@1fd386c3, org.springframework.boot.test.mock.mockito.MockitoContextCustomizer@0, org.springframework.boot.test.web.client.TestRestTemplateContextCustomizer@4b61d0c6, org.springframework.boot.test.autoconfigure.actuate.metrics.MetricsExportContextCustomizerFactory$DisableMetricExportContextCustomizer@6e4ea0bd, org.springframework.boot.test.autoconfigure.properties.PropertyMappingContextCustomizer@4b3fa0b3, org.springframework.boot.test.autoconfigure.web.servlet.WebDriverContextCustomizerFactory$Customizer@5f8890c2, org.springframework.boot.test.context.SpringBootTestArgs@1, org.springframework.boot.test.context.SpringBootTestWebEnvironment@63376bed], resourceBasePath = 'src/main/webapp', contextLoader = 'org.springframework.boot.test.context.SpringBootContextLoader', parent = [null]], attributes = map['org.springframework.test.context.web.ServletTestExecutionListener.activateListener' -> true]], class annotated with @DirtiesContext [false] with mode [null].

  .   ____          _            __ _ _
 /\\ / ___'_ __ _ _(_)_ __  __ _ \ \ \ \
( ( )\___ | '_ | '_| | '_ \/ _` | \ \ \ \
 \\/  ___)| |_)| | | | | || (_| |  ) ) ) )
  '  |____| .__|_| |_|_| |_\__, | / / / /
 =========|_|==============|___/=/_/_/_/
 :: Spring Boot ::                (v2.7.0)

2022-07-07 15:57:04.968  INFO 2892 --- [           main] c.m.p.i.PatienthistoryApplicationTestsIT : Starting PatienthistoryApplicationTestsIT using Java 17 on loic with PID 2892 (started by loicb in /home/loicb/Formation/Projet/Projet9_loic_benoit/mediscreen/patienthistory)
2022-07-07 15:57:04.970 DEBUG 2892 --- [           main] c.m.p.i.PatienthistoryApplicationTestsIT : Running with Spring Boot v2.7.0, Spring v5.3.20
2022-07-07 15:57:04.970  INFO 2892 --- [           main] c.m.p.i.PatienthistoryApplicationTestsIT : The following 1 profile is active: "test"
2022-07-07 15:57:05.609  INFO 2892 --- [           main] .s.d.r.c.RepositoryConfigurationDelegate : Bootstrapping Spring Data MongoDB repositories in DEFAULT mode.
2022-07-07 15:57:05.653  INFO 2892 --- [           main] .s.d.r.c.RepositoryConfigurationDelegate : Finished Spring Data repository scanning in 39 ms. Found 1 MongoDB repository interfaces.
2022-07-07 15:57:06.485  INFO 2892 --- [           main] org.mongodb.driver.client                : MongoClient with metadata {"driver": {"name": "mongo-java-driver|sync", "version": "4.6.0"}, "os": {"type": "Linux", "name": "Linux", "architecture": "amd64", "version": "4.19.0-21-amd64"}, "platform": "Java/Oracle Corporation/17+35-LTS-2724"} created with settings MongoClientSettings{readPreference=primary, writeConcern=WriteConcern{w=null, wTimeout=null ms, journal=null}, retryWrites=true, retryReads=true, readConcern=ReadConcern{level=null}, credential=null, streamFactoryFactory=null, commandListeners=[], codecRegistry=ProvidersCodecRegistry{codecProviders=[ValueCodecProvider{}, BsonValueCodecProvider{}, DBRefCodecProvider{}, DBObjectCodecProvider{}, DocumentCodecProvider{}, IterableCodecProvider{}, MapCodecProvider{}, GeoJsonCodecProvider{}, GridFSFileCodecProvider{}, Jsr310CodecProvider{}, JsonObjectCodecProvider{}, BsonCodecProvider{}, EnumCodecProvider{}, com.mongodb.Jep395RecordCodecProvider@7a41f4a7]}, clusterSettings={hosts=[localhost:27017], srvServiceName=mongodb, mode=SINGLE, requiredClusterType=UNKNOWN, requiredReplicaSetName='null', serverSelector='null', clusterListeners='[]', serverSelectionTimeout='30000 ms', localThreshold='30000 ms'}, socketSettings=SocketSettings{connectTimeoutMS=10000, readTimeoutMS=0, receiveBufferSize=0, sendBufferSize=0}, heartbeatSocketSettings=SocketSettings{connectTimeoutMS=10000, readTimeoutMS=10000, receiveBufferSize=0, sendBufferSize=0}, connectionPoolSettings=ConnectionPoolSettings{maxSize=100, minSize=0, maxWaitTimeMS=120000, maxConnectionLifeTimeMS=0, maxConnectionIdleTimeMS=0, maintenanceInitialDelayMS=0, maintenanceFrequencyMS=60000, connectionPoolListeners=[], maxConnecting=2}, serverSettings=ServerSettings{heartbeatFrequencyMS=10000, minHeartbeatFrequencyMS=500, serverListeners='[]', serverMonitorListeners='[]'}, sslSettings=SslSettings{enabled=false, invalidHostNameAllowed=false, context=null}, applicationName='null', compressorList=[], uuidRepresentation=UNSPECIFIED, serverApi=null, autoEncryptionSettings=null, contextProvider=null}
2022-07-07 15:57:06.527  INFO 2892 --- [localhost:27017] org.mongodb.driver.connection            : Opened connection [connectionId{localValue:1, serverValue:395}] to localhost:27017
2022-07-07 15:57:06.527  INFO 2892 --- [localhost:27017] org.mongodb.driver.connection            : Opened connection [connectionId{localValue:2, serverValue:396}] to localhost:27017
2022-07-07 15:57:06.528  INFO 2892 --- [localhost:27017] org.mongodb.driver.cluster               : Monitor thread successfully connected to server with description ServerDescription{address=localhost:27017, type=STANDALONE, state=CONNECTED, ok=true, minWireVersion=0, maxWireVersion=13, maxDocumentSize=16777216, logicalSessionTimeoutMinutes=30, roundTripTimeNanos=38432988}
2022-07-07 15:57:07.846  INFO 2892 --- [           main] o.s.b.t.m.w.SpringBootMockServletContext : Initializing Spring TestDispatcherServlet ''
2022-07-07 15:57:07.846  INFO 2892 --- [           main] o.s.t.web.servlet.TestDispatcherServlet  : Initializing Servlet ''
2022-07-07 15:57:07.853  INFO 2892 --- [           main] o.s.b.a.e.web.EndpointLinksResolver      : Exposing 1 endpoint(s) beneath base path '/actuator'
2022-07-07 15:57:07.870  INFO 2892 --- [           main] o.s.t.web.servlet.TestDispatcherServlet  : Completed initialization in 24 ms
2022-07-07 15:57:07.905  INFO 2892 --- [           main] c.m.p.i.PatienthistoryApplicationTestsIT : Started PatienthistoryApplicationTestsIT in 3.293 seconds (JVM running for 4.579)
2022-07-07 15:57:08.469  INFO 2892 --- [           main] org.mongodb.driver.connection            : Opened connection [connectionId{localValue:3, serverValue:397}] to localhost:27017
2022-07-07 15:57:08.489  INFO 2892 --- [           main] c.m.p.i.PatienthistoryApplicationTestsIT : Create collection history test
2022-07-07 15:57:08.591  INFO 2892 --- [           main] c.m.p.i.PatienthistoryApplicationTestsIT : Populate DB.
2022-07-07 15:57:08.897 TRACE 2892 --- [           main] c.m.p.c.i.PatientHistoryControllerImpl   : Create history for patient with id: 5
2022-07-07 15:57:08.944 TRACE 2892 --- [           main] c.m.p.s.impl.PatientHistoryServiceImpl   : Saving new history.
2022-07-07 15:57:09.005  INFO 2892 --- [           main] c.m.p.i.PatienthistoryApplicationTestsIT : Drop history test collection
]]></system-out>
  </testcase>
  <testcase name="updatePatientHistoryInvalid_ShouldThrowBadArgumentException" classname="com.mediscreen.patienthistory.integrationTest.PatienthistoryApplicationTestsIT" time="0.06">
    <system-out><![CDATA[2022-07-07 15:57:09.022  INFO 2892 --- [           main] c.m.p.i.PatienthistoryApplicationTestsIT : Create collection history test
2022-07-07 15:57:09.035  INFO 2892 --- [           main] c.m.p.i.PatienthistoryApplicationTestsIT : Populate DB.
2022-07-07 15:57:09.070  WARN 2892 --- [           main] c.m.p.c.i.PatientHistoryControllerImpl   : Error, invalid argument:[familyName]
2022-07-07 15:57:09.074  INFO 2892 --- [           main] c.m.p.i.PatienthistoryApplicationTestsIT : Drop history test collection
]]></system-out>
  </testcase>
  <testcase name="createPatientHistoryInvalid_ShouldThrowBadArgumentException" classname="com.mediscreen.patienthistory.integrationTest.PatienthistoryApplicationTestsIT" time="0.035">
    <system-out><![CDATA[2022-07-07 15:57:09.083  INFO 2892 --- [           main] c.m.p.i.PatienthistoryApplicationTestsIT : Create collection history test
2022-07-07 15:57:09.098  INFO 2892 --- [           main] c.m.p.i.PatienthistoryApplicationTestsIT : Populate DB.
2022-07-07 15:57:09.108  WARN 2892 --- [           main] c.m.p.c.i.PatientHistoryControllerImpl   : Error, invalid argument:[familyName]
2022-07-07 15:57:09.110  INFO 2892 --- [           main] c.m.p.i.PatienthistoryApplicationTestsIT : Drop history test collection
]]></system-out>
  </testcase>
  <testcase name="createPatientHistory_WhenHistoryAlreadyExist_ShouldThrowDataAlreadyExistException" classname="com.mediscreen.patienthistory.integrationTest.PatienthistoryApplicationTestsIT" time="0.036">
    <system-out><![CDATA[2022-07-07 15:57:09.119  INFO 2892 --- [           main] c.m.p.i.PatienthistoryApplicationTestsIT : Create collection history test
2022-07-07 15:57:09.134  INFO 2892 --- [           main] c.m.p.i.PatienthistoryApplicationTestsIT : Populate DB.
2022-07-07 15:57:09.143 TRACE 2892 --- [           main] c.m.p.c.i.PatientHistoryControllerImpl   : Create history for patient with id: 1
2022-07-07 15:57:09.147  WARN 2892 --- [           main] c.m.p.s.impl.PatientHistoryServiceImpl   : Error, History already exist for patient id=1
2022-07-07 15:57:09.149  INFO 2892 --- [           main] c.m.p.i.PatienthistoryApplicationTestsIT : Drop history test collection
]]></system-out>
  </testcase>
  <testcase name="updatePatientHistory" classname="com.mediscreen.patienthistory.integrationTest.PatienthistoryApplicationTestsIT" time="0.054">
    <system-out><![CDATA[2022-07-07 15:57:09.157  INFO 2892 --- [           main] c.m.p.i.PatienthistoryApplicationTestsIT : Create collection history test
2022-07-07 15:57:09.170  INFO 2892 --- [           main] c.m.p.i.PatienthistoryApplicationTestsIT : Populate DB.
2022-07-07 15:57:09.185 TRACE 2892 --- [           main] c.m.p.c.i.PatientHistoryControllerImpl   : Update history for patient with id: 10
2022-07-07 15:57:09.189 TRACE 2892 --- [           main] c.m.p.s.impl.PatientHistoryServiceImpl   : updating text note.
2022-07-07 15:57:09.189  INFO 2892 --- [           main] c.m.p.s.impl.PatientHistoryServiceImpl   : Updating 1 fields for patient history with id=10
2022-07-07 15:57:09.205  INFO 2892 --- [           main] c.m.p.i.PatienthistoryApplicationTestsIT : Drop history test collection
]]></system-out>
  </testcase>
  <testcase name="updatePatientHistory_WhenHistoryDoesntExist_ShouldThrowDataNotFoundException" classname="com.mediscreen.patienthistory.integrationTest.PatienthistoryApplicationTestsIT" time="0.039">
    <system-out><![CDATA[2022-07-07 15:57:09.215  INFO 2892 --- [           main] c.m.p.i.PatienthistoryApplicationTestsIT : Create collection history test
2022-07-07 15:57:09.231  INFO 2892 --- [           main] c.m.p.i.PatienthistoryApplicationTestsIT : Populate DB.
2022-07-07 15:57:09.240 TRACE 2892 --- [           main] c.m.p.c.i.PatientHistoryControllerImpl   : Update history for patient with id: 15
2022-07-07 15:57:09.243  WARN 2892 --- [           main] c.m.p.s.impl.PatientHistoryServiceImpl   : Error, can't find patient history for id: 15
2022-07-07 15:57:09.246  INFO 2892 --- [           main] c.m.p.i.PatienthistoryApplicationTestsIT : Drop history test collection
]]></system-out>
  </testcase>
  <testcase name="readPatientHistory" classname="com.mediscreen.patienthistory.integrationTest.PatienthistoryApplicationTestsIT" time="0.054">
    <system-out><![CDATA[2022-07-07 15:57:09.255  INFO 2892 --- [           main] c.m.p.i.PatienthistoryApplicationTestsIT : Create collection history test
2022-07-07 15:57:09.270  INFO 2892 --- [           main] c.m.p.i.PatienthistoryApplicationTestsIT : Populate DB.
2022-07-07 15:57:09.286 TRACE 2892 --- [           main] c.m.p.c.i.PatientHistoryControllerImpl   : Getting history for patient: givenName1 - familyName1.
2022-07-07 15:57:09.287 TRACE 2892 --- [           main] c.m.p.s.impl.PatientHistoryServiceImpl   : service, get patient history in db.
2022-07-07 15:57:09.303  INFO 2892 --- [           main] c.m.p.i.PatienthistoryApplicationTestsIT : Drop history test collection
]]></system-out>
  </testcase>
</testsuite>