<?xml version="1.0" encoding="UTF-8"?>
<testsuite xmlns:xsi="http://www.w3.org/2001/XMLSchema-instance" xsi:noNamespaceSchemaLocation="https://maven.apache.org/surefire/maven-failsafe-plugin/xsd/failsafe-test-report-3.0.xsd" version="3.0" name="com.mediscreen.patientassessment.integrationTest.PatientAssessmentIT" time="7.925" tests="9" errors="0" skipped="0" failures="0">
  <properties>
    <property name="java.specification.version" value="17"/>
    <property name="sun.jnu.encoding" value="UTF-8"/>
    <property name="java.class.path" value="/home/loicb/Formation/Projet/Projet9_loic_benoit/mediscreen/patientassessment/target/test-classes:/home/loicb/Formation/Projet/Projet9_loic_benoit/mediscreen/patientassessment/target/classes:/home/loicb/.m2/repository/org/springframework/boot/spring-boot-starter-data-mongodb/2.7.0/spring-boot-starter-data-mongodb-2.7.0.jar:/home/loicb/.m2/repository/org/springframework/boot/spring-boot-starter/2.7.0/spring-boot-starter-2.7.0.jar:/home/loicb/.m2/repository/org/springframework/boot/spring-boot/2.7.0/spring-boot-2.7.0.jar:/home/loicb/.m2/repository/org/springframework/boot/spring-boot-autoconfigure/2.7.0/spring-boot-autoconfigure-2.7.0.jar:/home/loicb/.m2/repository/org/springframework/boot/spring-boot-starter-logging/2.7.0/spring-boot-starter-logging-2.7.0.jar:/home/loicb/.m2/repository/ch/qos/logback/logback-classic/1.2.11/logback-classic-1.2.11.jar:/home/loicb/.m2/repository/ch/qos/logback/logback-core/1.2.11/logback-core-1.2.11.jar:/home/loicb/.m2/repository/org/apache/logging/log4j/log4j-to-slf4j/2.17.2/log4j-to-slf4j-2.17.2.jar:/home/loicb/.m2/repository/org/apache/logging/log4j/log4j-api/2.17.2/log4j-api-2.17.2.jar:/home/loicb/.m2/repository/org/slf4j/jul-to-slf4j/1.7.36/jul-to-slf4j-1.7.36.jar:/home/loicb/.m2/repository/jakarta/annotation/jakarta.annotation-api/1.3.5/jakarta.annotation-api-1.3.5.jar:/home/loicb/.m2/repository/org/yaml/snakeyaml/1.30/snakeyaml-1.30.jar:/home/loicb/.m2/repository/org/mongodb/mongodb-driver-sync/4.6.0/mongodb-driver-sync-4.6.0.jar:/home/loicb/.m2/repository/org/mongodb/bson/4.6.0/bson-4.6.0.jar:/home/loicb/.m2/repository/org/mongodb/mongodb-driver-core/4.6.0/mongodb-driver-core-4.6.0.jar:/home/loicb/.m2/repository/org/mongodb/bson-record-codec/4.6.0/bson-record-codec-4.6.0.jar:/home/loicb/.m2/repository/org/springframework/data/spring-data-mongodb/3.4.0/spring-data-mongodb-3.4.0.jar:/home/loicb/.m2/repository/org/springframework/spring-tx/5.3.20/spring-tx-5.3.20.jar:/home/loicb/.m2/repository/org/springframework/spring-context/5.3.20/spring-context-5.3.20.jar:/home/loicb/.m2/repository/org/springframework/spring-beans/5.3.20/spring-beans-5.3.20.jar:/home/loicb/.m2/repository/org/springframework/spring-expression/5.3.20/spring-expression-5.3.20.jar:/home/loicb/.m2/repository/org/springframework/data/spring-data-commons/2.7.0/spring-data-commons-2.7.0.jar:/home/loicb/.m2/repository/org/slf4j/slf4j-api/1.7.36/slf4j-api-1.7.36.jar:/home/loicb/.m2/repository/org/springframework/boot/spring-boot-starter-web/2.7.0/spring-boot-starter-web-2.7.0.jar:/home/loicb/.m2/repository/org/springframework/boot/spring-boot-starter-json/2.7.0/spring-boot-starter-json-2.7.0.jar:/home/loicb/.m2/repository/com/fasterxml/jackson/core/jackson-databind/2.13.3/jackson-databind-2.13.3.jar:/home/loicb/.m2/repository/com/fasterxml/jackson/core/jackson-annotations/2.13.3/jackson-annotations-2.13.3.jar:/home/loicb/.m2/repository/com/fasterxml/jackson/core/jackson-core/2.13.3/jackson-core-2.13.3.jar:/home/loicb/.m2/repository/com/fasterxml/jackson/datatype/jackson-datatype-jdk8/2.13.3/jackson-datatype-jdk8-2.13.3.jar:/home/loicb/.m2/repository/com/fasterxml/jackson/datatype/jackson-datatype-jsr310/2.13.3/jackson-datatype-jsr310-2.13.3.jar:/home/loicb/.m2/repository/com/fasterxml/jackson/module/jackson-module-parameter-names/2.13.3/jackson-module-parameter-names-2.13.3.jar:/home/loicb/.m2/repository/org/springframework/boot/spring-boot-starter-tomcat/2.7.0/spring-boot-starter-tomcat-2.7.0.jar:/home/loicb/.m2/repository/org/apache/tomcat/embed/tomcat-embed-core/9.0.63/tomcat-embed-core-9.0.63.jar:/home/loicb/.m2/repository/org/apache/tomcat/embed/tomcat-embed-websocket/9.0.63/tomcat-embed-websocket-9.0.63.jar:/home/loicb/.m2/repository/org/springframework/spring-web/5.3.20/spring-web-5.3.20.jar:/home/loicb/.m2/repository/org/springframework/spring-webmvc/5.3.20/spring-webmvc-5.3.20.jar:/home/loicb/.m2/repository/org/springframework/spring-aop/5.3.20/spring-aop-5.3.20.jar:/home/loicb/.m2/repository/org/springframework/cloud/spring-cloud-starter-openfeign/3.1.3/spring-cloud-starter-openfeign-3.1.3.jar:/home/loicb/.m2/repository/org/springframework/cloud/spring-cloud-starter/3.1.3/spring-cloud-starter-3.1.3.jar:/home/loicb/.m2/repository/org/springframework/cloud/spring-cloud-context/3.1.3/spring-cloud-context-3.1.3.jar:/home/loicb/.m2/repository/org/springframework/security/spring-security-rsa/1.0.10.RELEASE/spring-security-rsa-1.0.10.RELEASE.jar:/home/loicb/.m2/repository/org/bouncycastle/bcpkix-jdk15on/1.68/bcpkix-jdk15on-1.68.jar:/home/loicb/.m2/repository/org/bouncycastle/bcprov-jdk15on/1.68/bcprov-jdk15on-1.68.jar:/home/loicb/.m2/repository/org/springframework/cloud/spring-cloud-openfeign-core/3.1.3/spring-cloud-openfeign-core-3.1.3.jar:/home/loicb/.m2/repository/org/springframework/boot/spring-boot-starter-aop/2.7.0/spring-boot-starter-aop-2.7.0.jar:/home/loicb/.m2/repository/org/aspectj/aspectjweaver/1.9.7/aspectjweaver-1.9.7.jar:/home/loicb/.m2/repository/io/github/openfeign/form/feign-form-spring/3.8.0/feign-form-spring-3.8.0.jar:/home/loicb/.m2/repository/io/github/openfeign/form/feign-form/3.8.0/feign-form-3.8.0.jar:/home/loicb/.m2/repository/commons-fileupload/commons-fileupload/1.4/commons-fileupload-1.4.jar:/home/loicb/.m2/repository/commons-io/commons-io/2.2/commons-io-2.2.jar:/home/loicb/.m2/repository/org/springframework/cloud/spring-cloud-commons/3.1.3/spring-cloud-commons-3.1.3.jar:/home/loicb/.m2/repository/org/springframework/security/spring-security-crypto/5.7.1/spring-security-crypto-5.7.1.jar:/home/loicb/.m2/repository/io/github/openfeign/feign-core/11.8/feign-core-11.8.jar:/home/loicb/.m2/repository/io/github/openfeign/feign-slf4j/11.8/feign-slf4j-11.8.jar:/home/loicb/.m2/repository/org/springframework/boot/spring-boot-starter-validation/2.7.0/spring-boot-starter-validation-2.7.0.jar:/home/loicb/.m2/repository/org/apache/tomcat/embed/tomcat-embed-el/9.0.63/tomcat-embed-el-9.0.63.jar:/home/loicb/.m2/repository/org/hibernate/validator/hibernate-validator/6.2.3.Final/hibernate-validator-6.2.3.Final.jar:/home/loicb/.m2/repository/jakarta/validation/jakarta.validation-api/2.0.2/jakarta.validation-api-2.0.2.jar:/home/loicb/.m2/repository/org/jboss/logging/jboss-logging/3.4.3.Final/jboss-logging-3.4.3.Final.jar:/home/loicb/.m2/repository/com/fasterxml/classmate/1.5.1/classmate-1.5.1.jar:/home/loicb/.m2/repository/org/springframework/boot/spring-boot-starter-test/2.7.0/spring-boot-starter-test-2.7.0.jar:/home/loicb/.m2/repository/org/springframework/boot/spring-boot-test/2.7.0/spring-boot-test-2.7.0.jar:/home/loicb/.m2/repository/org/springframework/boot/spring-boot-test-autoconfigure/2.7.0/spring-boot-test-autoconfigure-2.7.0.jar:/home/loicb/.m2/repository/com/jayway/jsonpath/json-path/2.7.0/json-path-2.7.0.jar:/home/loicb/.m2/repository/net/minidev/json-smart/2.4.8/json-smart-2.4.8.jar:/home/loicb/.m2/repository/net/minidev/accessors-smart/2.4.8/accessors-smart-2.4.8.jar:/home/loicb/.m2/repository/org/ow2/asm/asm/9.1/asm-9.1.jar:/home/loicb/.m2/repository/jakarta/xml/bind/jakarta.xml.bind-api/2.3.3/jakarta.xml.bind-api-2.3.3.jar:/home/loicb/.m2/repository/jakarta/activation/jakarta.activation-api/1.2.2/jakarta.activation-api-1.2.2.jar:/home/loicb/.m2/repository/org/assertj/assertj-core/3.22.0/assertj-core-3.22.0.jar:/home/loicb/.m2/repository/org/hamcrest/hamcrest/2.2/hamcrest-2.2.jar:/home/loicb/.m2/repository/org/junit/jupiter/junit-jupiter/5.8.2/junit-jupiter-5.8.2.jar:/home/loicb/.m2/repository/org/junit/jupiter/junit-jupiter-api/5.8.2/junit-jupiter-api-5.8.2.jar:/home/loicb/.m2/repository/org/opentest4j/opentest4j/1.2.0/opentest4j-1.2.0.jar:/home/loicb/.m2/repository/org/junit/platform/junit-platform-commons/1.8.2/junit-platform-commons-1.8.2.jar:/home/loicb/.m2/repository/org/apiguardian/apiguardian-api/1.1.2/apiguardian-api-1.1.2.jar:/home/loicb/.m2/repository/org/junit/jupiter/junit-jupiter-params/5.8.2/junit-jupiter-params-5.8.2.jar:/home/loicb/.m2/repository/org/junit/jupiter/junit-jupiter-engine/5.8.2/junit-jupiter-engine-5.8.2.jar:/home/loicb/.m2/repository/org/junit/platform/junit-platform-engine/1.8.2/junit-platform-engine-1.8.2.jar:/home/loicb/.m2/repository/org/mockito/mockito-core/4.5.1/mockito-core-4.5.1.jar:/home/loicb/.m2/repository/net/bytebuddy/byte-buddy/1.12.10/byte-buddy-1.12.10.jar:/home/loicb/.m2/repository/net/bytebuddy/byte-buddy-agent/1.12.10/byte-buddy-agent-1.12.10.jar:/home/loicb/.m2/repository/org/objenesis/objenesis/3.2/objenesis-3.2.jar:/home/loicb/.m2/repository/org/mockito/mockito-junit-jupiter/4.5.1/mockito-junit-jupiter-4.5.1.jar:/home/loicb/.m2/repository/org/skyscreamer/jsonassert/1.5.0/jsonassert-1.5.0.jar:/home/loicb/.m2/repository/com/vaadin/external/google/android-json/0.0.20131108.vaadin1/android-json-0.0.20131108.vaadin1.jar:/home/loicb/.m2/repository/org/springframework/spring-core/5.3.20/spring-core-5.3.20.jar:/home/loicb/.m2/repository/org/springframework/spring-jcl/5.3.20/spring-jcl-5.3.20.jar:/home/loicb/.m2/repository/org/springframework/spring-test/5.3.20/spring-test-5.3.20.jar:/home/loicb/.m2/repository/org/xmlunit/xmlunit-core/2.9.0/xmlunit-core-2.9.0.jar:"/>
    <property name="java.vm.vendor" value="Oracle Corporation"/>
    <property name="sun.arch.data.model" value="64"/>
    <property name="java.vendor.url" value="https://java.oracle.com/"/>
    <property name="user.timezone" value="Europe/Paris"/>
    <property name="os.name" value="Linux"/>
    <property name="java.vm.specification.version" value="17"/>
    <property name="sun.java.launcher" value="SUN_STANDARD"/>
    <property name="user.country" value="FR"/>
    <property name="sun.boot.library.path" value="/opt/jdk17/lib"/>
    <property name="sun.java.command" value="/home/loicb/Formation/Projet/Projet9_loic_benoit/mediscreen/patientassessment/target/surefire/surefirebooter-20220708223157257_3.jar /home/loicb/Formation/Projet/Projet9_loic_benoit/mediscreen/patientassessment/target/surefire 2022-07-08T22-31-56_806-jvmRun1 surefire-20220708223157257_1tmp surefire_0-20220708223157257_2tmp"/>
    <property name="jdk.debug" value="release"/>
    <property name="surefire.test.class.path" value="/home/loicb/Formation/Projet/Projet9_loic_benoit/mediscreen/patientassessment/target/test-classes:/home/loicb/Formation/Projet/Projet9_loic_benoit/mediscreen/patientassessment/target/classes:/home/loicb/.m2/repository/org/springframework/boot/spring-boot-starter-data-mongodb/2.7.0/spring-boot-starter-data-mongodb-2.7.0.jar:/home/loicb/.m2/repository/org/springframework/boot/spring-boot-starter/2.7.0/spring-boot-starter-2.7.0.jar:/home/loicb/.m2/repository/org/springframework/boot/spring-boot/2.7.0/spring-boot-2.7.0.jar:/home/loicb/.m2/repository/org/springframework/boot/spring-boot-autoconfigure/2.7.0/spring-boot-autoconfigure-2.7.0.jar:/home/loicb/.m2/repository/org/springframework/boot/spring-boot-starter-logging/2.7.0/spring-boot-starter-logging-2.7.0.jar:/home/loicb/.m2/repository/ch/qos/logback/logback-classic/1.2.11/logback-classic-1.2.11.jar:/home/loicb/.m2/repository/ch/qos/logback/logback-core/1.2.11/logback-core-1.2.11.jar:/home/loicb/.m2/repository/org/apache/logging/log4j/log4j-to-slf4j/2.17.2/log4j-to-slf4j-2.17.2.jar:/home/loicb/.m2/repository/org/apache/logging/log4j/log4j-api/2.17.2/log4j-api-2.17.2.jar:/home/loicb/.m2/repository/org/slf4j/jul-to-slf4j/1.7.36/jul-to-slf4j-1.7.36.jar:/home/loicb/.m2/repository/jakarta/annotation/jakarta.annotation-api/1.3.5/jakarta.annotation-api-1.3.5.jar:/home/loicb/.m2/repository/org/yaml/snakeyaml/1.30/snakeyaml-1.30.jar:/home/loicb/.m2/repository/org/mongodb/mongodb-driver-sync/4.6.0/mongodb-driver-sync-4.6.0.jar:/home/loicb/.m2/repository/org/mongodb/bson/4.6.0/bson-4.6.0.jar:/home/loicb/.m2/repository/org/mongodb/mongodb-driver-core/4.6.0/mongodb-driver-core-4.6.0.jar:/home/loicb/.m2/repository/org/mongodb/bson-record-codec/4.6.0/bson-record-codec-4.6.0.jar:/home/loicb/.m2/repository/org/springframework/data/spring-data-mongodb/3.4.0/spring-data-mongodb-3.4.0.jar:/home/loicb/.m2/repository/org/springframework/spring-tx/5.3.20/spring-tx-5.3.20.jar:/home/loicb/.m2/repository/org/springframework/spring-context/5.3.20/spring-context-5.3.20.jar:/home/loicb/.m2/repository/org/springframework/spring-beans/5.3.20/spring-beans-5.3.20.jar:/home/loicb/.m2/repository/org/springframework/spring-expression/5.3.20/spring-expression-5.3.20.jar:/home/loicb/.m2/repository/org/springframework/data/spring-data-commons/2.7.0/spring-data-commons-2.7.0.jar:/home/loicb/.m2/repository/org/slf4j/slf4j-api/1.7.36/slf4j-api-1.7.36.jar:/home/loicb/.m2/repository/org/springframework/boot/spring-boot-starter-web/2.7.0/spring-boot-starter-web-2.7.0.jar:/home/loicb/.m2/repository/org/springframework/boot/spring-boot-starter-json/2.7.0/spring-boot-starter-json-2.7.0.jar:/home/loicb/.m2/repository/com/fasterxml/jackson/core/jackson-databind/2.13.3/jackson-databind-2.13.3.jar:/home/loicb/.m2/repository/com/fasterxml/jackson/core/jackson-annotations/2.13.3/jackson-annotations-2.13.3.jar:/home/loicb/.m2/repository/com/fasterxml/jackson/core/jackson-core/2.13.3/jackson-core-2.13.3.jar:/home/loicb/.m2/repository/com/fasterxml/jackson/datatype/jackson-datatype-jdk8/2.13.3/jackson-datatype-jdk8-2.13.3.jar:/home/loicb/.m2/repository/com/fasterxml/jackson/datatype/jackson-datatype-jsr310/2.13.3/jackson-datatype-jsr310-2.13.3.jar:/home/loicb/.m2/repository/com/fasterxml/jackson/module/jackson-module-parameter-names/2.13.3/jackson-module-parameter-names-2.13.3.jar:/home/loicb/.m2/repository/org/springframework/boot/spring-boot-starter-tomcat/2.7.0/spring-boot-starter-tomcat-2.7.0.jar:/home/loicb/.m2/repository/org/apache/tomcat/embed/tomcat-embed-core/9.0.63/tomcat-embed-core-9.0.63.jar:/home/loicb/.m2/repository/org/apache/tomcat/embed/tomcat-embed-websocket/9.0.63/tomcat-embed-websocket-9.0.63.jar:/home/loicb/.m2/repository/org/springframework/spring-web/5.3.20/spring-web-5.3.20.jar:/home/loicb/.m2/repository/org/springframework/spring-webmvc/5.3.20/spring-webmvc-5.3.20.jar:/home/loicb/.m2/repository/org/springframework/spring-aop/5.3.20/spring-aop-5.3.20.jar:/home/loicb/.m2/repository/org/springframework/cloud/spring-cloud-starter-openfeign/3.1.3/spring-cloud-starter-openfeign-3.1.3.jar:/home/loicb/.m2/repository/org/springframework/cloud/spring-cloud-starter/3.1.3/spring-cloud-starter-3.1.3.jar:/home/loicb/.m2/repository/org/springframework/cloud/spring-cloud-context/3.1.3/spring-cloud-context-3.1.3.jar:/home/loicb/.m2/repository/org/springframework/security/spring-security-rsa/1.0.10.RELEASE/spring-security-rsa-1.0.10.RELEASE.jar:/home/loicb/.m2/repository/org/bouncycastle/bcpkix-jdk15on/1.68/bcpkix-jdk15on-1.68.jar:/home/loicb/.m2/repository/org/bouncycastle/bcprov-jdk15on/1.68/bcprov-jdk15on-1.68.jar:/home/loicb/.m2/repository/org/springframework/cloud/spring-cloud-openfeign-core/3.1.3/spring-cloud-openfeign-core-3.1.3.jar:/home/loicb/.m2/repository/org/springframework/boot/spring-boot-starter-aop/2.7.0/spring-boot-starter-aop-2.7.0.jar:/home/loicb/.m2/repository/org/aspectj/aspectjweaver/1.9.7/aspectjweaver-1.9.7.jar:/home/loicb/.m2/repository/io/github/openfeign/form/feign-form-spring/3.8.0/feign-form-spring-3.8.0.jar:/home/loicb/.m2/repository/io/github/openfeign/form/feign-form/3.8.0/feign-form-3.8.0.jar:/home/loicb/.m2/repository/commons-fileupload/commons-fileupload/1.4/commons-fileupload-1.4.jar:/home/loicb/.m2/repository/commons-io/commons-io/2.2/commons-io-2.2.jar:/home/loicb/.m2/repository/org/springframework/cloud/spring-cloud-commons/3.1.3/spring-cloud-commons-3.1.3.jar:/home/loicb/.m2/repository/org/springframework/security/spring-security-crypto/5.7.1/spring-security-crypto-5.7.1.jar:/home/loicb/.m2/repository/io/github/openfeign/feign-core/11.8/feign-core-11.8.jar:/home/loicb/.m2/repository/io/github/openfeign/feign-slf4j/11.8/feign-slf4j-11.8.jar:/home/loicb/.m2/repository/org/springframework/boot/spring-boot-starter-validation/2.7.0/spring-boot-starter-validation-2.7.0.jar:/home/loicb/.m2/repository/org/apache/tomcat/embed/tomcat-embed-el/9.0.63/tomcat-embed-el-9.0.63.jar:/home/loicb/.m2/repository/org/hibernate/validator/hibernate-validator/6.2.3.Final/hibernate-validator-6.2.3.Final.jar:/home/loicb/.m2/repository/jakarta/validation/jakarta.validation-api/2.0.2/jakarta.validation-api-2.0.2.jar:/home/loicb/.m2/repository/org/jboss/logging/jboss-logging/3.4.3.Final/jboss-logging-3.4.3.Final.jar:/home/loicb/.m2/repository/com/fasterxml/classmate/1.5.1/classmate-1.5.1.jar:/home/loicb/.m2/repository/org/springframework/boot/spring-boot-starter-test/2.7.0/spring-boot-starter-test-2.7.0.jar:/home/loicb/.m2/repository/org/springframework/boot/spring-boot-test/2.7.0/spring-boot-test-2.7.0.jar:/home/loicb/.m2/repository/org/springframework/boot/spring-boot-test-autoconfigure/2.7.0/spring-boot-test-autoconfigure-2.7.0.jar:/home/loicb/.m2/repository/com/jayway/jsonpath/json-path/2.7.0/json-path-2.7.0.jar:/home/loicb/.m2/repository/net/minidev/json-smart/2.4.8/json-smart-2.4.8.jar:/home/loicb/.m2/repository/net/minidev/accessors-smart/2.4.8/accessors-smart-2.4.8.jar:/home/loicb/.m2/repository/org/ow2/asm/asm/9.1/asm-9.1.jar:/home/loicb/.m2/repository/jakarta/xml/bind/jakarta.xml.bind-api/2.3.3/jakarta.xml.bind-api-2.3.3.jar:/home/loicb/.m2/repository/jakarta/activation/jakarta.activation-api/1.2.2/jakarta.activation-api-1.2.2.jar:/home/loicb/.m2/repository/org/assertj/assertj-core/3.22.0/assertj-core-3.22.0.jar:/home/loicb/.m2/repository/org/hamcrest/hamcrest/2.2/hamcrest-2.2.jar:/home/loicb/.m2/repository/org/junit/jupiter/junit-jupiter/5.8.2/junit-jupiter-5.8.2.jar:/home/loicb/.m2/repository/org/junit/jupiter/junit-jupiter-api/5.8.2/junit-jupiter-api-5.8.2.jar:/home/loicb/.m2/repository/org/opentest4j/opentest4j/1.2.0/opentest4j-1.2.0.jar:/home/loicb/.m2/repository/org/junit/platform/junit-platform-commons/1.8.2/junit-platform-commons-1.8.2.jar:/home/loicb/.m2/repository/org/apiguardian/apiguardian-api/1.1.2/apiguardian-api-1.1.2.jar:/home/loicb/.m2/repository/org/junit/jupiter/junit-jupiter-params/5.8.2/junit-jupiter-params-5.8.2.jar:/home/loicb/.m2/repository/org/junit/jupiter/junit-jupiter-engine/5.8.2/junit-jupiter-engine-5.8.2.jar:/home/loicb/.m2/repository/org/junit/platform/junit-platform-engine/1.8.2/junit-platform-engine-1.8.2.jar:/home/loicb/.m2/repository/org/mockito/mockito-core/4.5.1/mockito-core-4.5.1.jar:/home/loicb/.m2/repository/net/bytebuddy/byte-buddy/1.12.10/byte-buddy-1.12.10.jar:/home/loicb/.m2/repository/net/bytebuddy/byte-buddy-agent/1.12.10/byte-buddy-agent-1.12.10.jar:/home/loicb/.m2/repository/org/objenesis/objenesis/3.2/objenesis-3.2.jar:/home/loicb/.m2/repository/org/mockito/mockito-junit-jupiter/4.5.1/mockito-junit-jupiter-4.5.1.jar:/home/loicb/.m2/repository/org/skyscreamer/jsonassert/1.5.0/jsonassert-1.5.0.jar:/home/loicb/.m2/repository/com/vaadin/external/google/android-json/0.0.20131108.vaadin1/android-json-0.0.20131108.vaadin1.jar:/home/loicb/.m2/repository/org/springframework/spring-core/5.3.20/spring-core-5.3.20.jar:/home/loicb/.m2/repository/org/springframework/spring-jcl/5.3.20/spring-jcl-5.3.20.jar:/home/loicb/.m2/repository/org/springframework/spring-test/5.3.20/spring-test-5.3.20.jar:/home/loicb/.m2/repository/org/xmlunit/xmlunit-core/2.9.0/xmlunit-core-2.9.0.jar:"/>
    <property name="sun.cpu.endian" value="little"/>
    <property name="user.home" value="/home/loicb"/>
    <property name="user.language" value="fr"/>
    <property name="java.specification.vendor" value="Oracle Corporation"/>
    <property name="java.version.date" value="2021-09-14"/>
    <property name="java.home" value="/opt/jdk17"/>
    <property name="file.separator" value="/"/>
    <property name="basedir" value="/home/loicb/Formation/Projet/Projet9_loic_benoit/mediscreen/patientassessment"/>
    <property name="java.vm.compressedOopsMode" value="Zero based"/>
    <property name="line.separator" value="&#10;"/>
    <property name="java.specification.name" value="Java Platform API Specification"/>
    <property name="java.vm.specification.vendor" value="Oracle Corporation"/>
    <property name="FILE_LOG_CHARSET" value="UTF-8"/>
    <property name="java.awt.headless" value="true"/>
    <property name="surefire.real.class.path" value="/home/loicb/Formation/Projet/Projet9_loic_benoit/mediscreen/patientassessment/target/surefire/surefirebooter-20220708223157257_3.jar"/>
    <property name="sun.management.compiler" value="HotSpot 64-Bit Tiered Compilers"/>
    <property name="java.runtime.version" value="17+35-LTS-2724"/>
    <property name="user.name" value="loicb"/>
    <property name="path.separator" value=":"/>
    <property name="os.version" value="4.19.0-21-amd64"/>
    <property name="java.runtime.name" value="Java(TM) SE Runtime Environment"/>
    <property name="file.encoding" value="UTF-8"/>
    <property name="spring.beaninfo.ignore" value="true"/>
    <property name="java.vm.name" value="Java HotSpot(TM) 64-Bit Server VM"/>
    <property name="localRepository" value="/home/loicb/.m2/repository"/>
    <property name="java.vendor.url.bug" value="https://bugreport.java.com/bugreport/"/>
    <property name="java.io.tmpdir" value="/tmp"/>
    <property name="idea.version" value="2022.1.3"/>
    <property name="java.version" value="17"/>
    <property name="user.dir" value="/home/loicb/Formation/Projet/Projet9_loic_benoit/mediscreen/patientassessment"/>
    <property name="os.arch" value="amd64"/>
    <property name="java.vm.specification.name" value="Java Virtual Machine Specification"/>
    <property name="PID" value="7130"/>
    <property name="CONSOLE_LOG_CHARSET" value="UTF-8"/>
    <property name="native.encoding" value="UTF-8"/>
    <property name="java.library.path" value="/usr/java/packages/lib:/usr/lib64:/lib64:/lib:/usr/lib"/>
    <property name="java.vm.info" value="mixed mode, sharing"/>
    <property name="java.vendor" value="Oracle Corporation"/>
    <property name="java.vm.version" value="17+35-LTS-2724"/>
    <property name="sun.io.unicode.encoding" value="UnicodeLittle"/>
    <property name="java.class.version" value="61.0"/>
  </properties>
  <testcase name="getAssessWithId_WhenPatientDoesntExist_ShouldThrowDataNotFoundException" classname="com.mediscreen.patientassessment.integrationTest.PatientAssessmentIT" time="0.182">
    <system-out><![CDATA[22:31:59.131 [main] DEBUG org.springframework.test.context.BootstrapUtils - Instantiating CacheAwareContextLoaderDelegate from class [org.springframework.test.context.cache.DefaultCacheAwareContextLoaderDelegate]
22:31:59.162 [main] DEBUG org.springframework.test.context.BootstrapUtils - Instantiating BootstrapContext using constructor [public org.springframework.test.context.support.DefaultBootstrapContext(java.lang.Class,org.springframework.test.context.CacheAwareContextLoaderDelegate)]
22:31:59.291 [main] DEBUG org.springframework.test.context.BootstrapUtils - Instantiating TestContextBootstrapper for test class [com.mediscreen.patientassessment.integrationTest.PatientAssessmentIT] from class [org.springframework.boot.test.context.SpringBootTestContextBootstrapper]
22:31:59.311 [main] INFO org.springframework.boot.test.context.SpringBootTestContextBootstrapper - Neither @ContextConfiguration nor @ContextHierarchy found for test class [com.mediscreen.patientassessment.integrationTest.PatientAssessmentIT], using SpringBootContextLoader
22:31:59.320 [main] DEBUG org.springframework.test.context.support.AbstractContextLoader - Did not detect default resource location for test class [com.mediscreen.patientassessment.integrationTest.PatientAssessmentIT]: class path resource [com/mediscreen/patientassessment/integrationTest/PatientAssessmentIT-context.xml] does not exist
22:31:59.321 [main] DEBUG org.springframework.test.context.support.AbstractContextLoader - Did not detect default resource location for test class [com.mediscreen.patientassessment.integrationTest.PatientAssessmentIT]: class path resource [com/mediscreen/patientassessment/integrationTest/PatientAssessmentITContext.groovy] does not exist
22:31:59.321 [main] INFO org.springframework.test.context.support.AbstractContextLoader - Could not detect default resource locations for test class [com.mediscreen.patientassessment.integrationTest.PatientAssessmentIT]: no resource found for suffixes {-context.xml, Context.groovy}.
22:31:59.322 [main] INFO org.springframework.test.context.support.AnnotationConfigContextLoaderUtils - Could not detect default configuration classes for test class [com.mediscreen.patientassessment.integrationTest.PatientAssessmentIT]: PatientAssessmentIT does not declare any static, non-private, non-final, nested classes annotated with @Configuration.
22:31:59.490 [main] DEBUG org.springframework.test.context.support.ActiveProfilesUtils - Could not find an 'annotation declaring class' for annotation type [org.springframework.test.context.ActiveProfiles] and class [com.mediscreen.patientassessment.integrationTest.PatientAssessmentIT]
22:31:59.639 [main] DEBUG org.springframework.context.annotation.ClassPathScanningCandidateComponentProvider - Identified candidate component class: file [/home/loicb/Formation/Projet/Projet9_loic_benoit/mediscreen/patientassessment/target/classes/com/mediscreen/patientassessment/PatientassessmentApplication.class]
22:31:59.641 [main] INFO org.springframework.boot.test.context.SpringBootTestContextBootstrapper - Found @SpringBootConfiguration com.mediscreen.patientassessment.PatientassessmentApplication for test class com.mediscreen.patientassessment.integrationTest.PatientAssessmentIT
22:31:59.919 [main] DEBUG org.springframework.boot.test.context.SpringBootTestContextBootstrapper - @TestExecutionListeners is not present for class [com.mediscreen.patientassessment.integrationTest.PatientAssessmentIT]: using defaults.
22:31:59.920 [main] INFO org.springframework.boot.test.context.SpringBootTestContextBootstrapper - Loaded default TestExecutionListener class names from location [META-INF/spring.factories]: [org.springframework.boot.test.mock.mockito.MockitoTestExecutionListener, org.springframework.boot.test.mock.mockito.ResetMocksTestExecutionListener, org.springframework.boot.test.autoconfigure.restdocs.RestDocsTestExecutionListener, org.springframework.boot.test.autoconfigure.web.client.MockRestServiceServerResetTestExecutionListener, org.springframework.boot.test.autoconfigure.web.servlet.MockMvcPrintOnlyOnFailureTestExecutionListener, org.springframework.boot.test.autoconfigure.web.servlet.WebDriverTestExecutionListener, org.springframework.boot.test.autoconfigure.webservices.client.MockWebServiceServerTestExecutionListener, org.springframework.test.context.web.ServletTestExecutionListener, org.springframework.test.context.support.DirtiesContextBeforeModesTestExecutionListener, org.springframework.test.context.event.ApplicationEventsTestExecutionListener, org.springframework.test.context.support.DependencyInjectionTestExecutionListener, org.springframework.test.context.support.DirtiesContextTestExecutionListener, org.springframework.test.context.transaction.TransactionalTestExecutionListener, org.springframework.test.context.jdbc.SqlScriptsTestExecutionListener, org.springframework.test.context.event.EventPublishingTestExecutionListener]
22:31:59.973 [main] INFO org.springframework.boot.test.context.SpringBootTestContextBootstrapper - Using TestExecutionListeners: [org.springframework.test.context.web.ServletTestExecutionListener@1702830d, org.springframework.test.context.support.DirtiesContextBeforeModesTestExecutionListener@6a937336, org.springframework.test.context.event.ApplicationEventsTestExecutionListener@278667fd, org.springframework.boot.test.mock.mockito.MockitoTestExecutionListener@684b31de, org.springframework.boot.test.autoconfigure.SpringBootDependencyInjectionTestExecutionListener@6b52dd31, org.springframework.test.context.support.DirtiesContextTestExecutionListener@1a2909ae, org.springframework.test.context.transaction.TransactionalTestExecutionListener@e042c99, org.springframework.test.context.jdbc.SqlScriptsTestExecutionListener@3f702946, org.springframework.test.context.event.EventPublishingTestExecutionListener@42b6d0cc, org.springframework.boot.test.mock.mockito.ResetMocksTestExecutionListener@1000d54d, org.springframework.boot.test.autoconfigure.restdocs.RestDocsTestExecutionListener@3f4f5330, org.springframework.boot.test.autoconfigure.web.client.MockRestServiceServerResetTestExecutionListener@14b7786, org.springframework.boot.test.autoconfigure.web.servlet.MockMvcPrintOnlyOnFailureTestExecutionListener@750ff7d3, org.springframework.boot.test.autoconfigure.web.servlet.WebDriverTestExecutionListener@63b3ee82, org.springframework.boot.test.autoconfigure.webservices.client.MockWebServiceServerTestExecutionListener@2620e717]
22:31:59.980 [main] DEBUG org.springframework.test.context.support.AbstractDirtiesContextTestExecutionListener - Before test class: context [DefaultTestContext@64fe9da7 testClass = PatientAssessmentIT, testInstance = [null], testMethod = [null], testException = [null], mergedContextConfiguration = [WebMergedContextConfiguration@70cccd8f testClass = PatientAssessmentIT, locations = '{}', classes = '{class com.mediscreen.patientassessment.PatientassessmentApplication}', contextInitializerClasses = '[]', activeProfiles = '{}', propertySourceLocations = '{}', propertySourceProperties = '{org.springframework.boot.test.context.SpringBootTestContextBootstrapper=true}', contextCustomizers = set[[ImportsContextCustomizer@5f172d4a key = [org.springframework.boot.test.autoconfigure.web.servlet.MockMvcAutoConfiguration, org.springframework.boot.test.autoconfigure.web.servlet.MockMvcWebClientAutoConfiguration, org.springframework.boot.test.autoconfigure.web.servlet.MockMvcWebDriverAutoConfiguration, org.springframework.boot.autoconfigure.security.oauth2.client.servlet.OAuth2ClientAutoConfiguration, org.springframework.boot.autoconfigure.security.oauth2.resource.servlet.OAuth2ResourceServerAutoConfiguration, org.springframework.boot.autoconfigure.security.servlet.SecurityAutoConfiguration, org.springframework.boot.autoconfigure.security.servlet.SecurityFilterAutoConfiguration, org.springframework.boot.autoconfigure.security.servlet.UserDetailsServiceAutoConfiguration, org.springframework.boot.test.autoconfigure.web.servlet.MockMvcSecurityConfiguration, org.springframework.boot.test.autoconfigure.web.reactive.WebTestClientAutoConfiguration]], org.springframework.boot.test.context.filter.ExcludeFilterContextCustomizer@46b695ec, org.springframework.boot.test.json.DuplicateJsonObjectContextCustomizerFactory$DuplicateJsonObjectContextCustomizer@6826c41e, org.springframework.boot.test.mock.mockito.MockitoContextCustomizer@7a6fda54, org.springframework.boot.test.web.client.TestRestTemplateContextCustomizer@46044faa, org.springframework.boot.test.autoconfigure.actuate.metrics.MetricsExportContextCustomizerFactory$DisableMetricExportContextCustomizer@60e9df3c, org.springframework.boot.test.autoconfigure.properties.PropertyMappingContextCustomizer@4b3fa0b3, org.springframework.boot.test.autoconfigure.web.servlet.WebDriverContextCustomizerFactory$Customizer@d59970a, org.springframework.boot.test.context.SpringBootTestArgs@1, org.springframework.boot.test.context.SpringBootTestWebEnvironment@55a147cc], resourceBasePath = 'src/main/webapp', contextLoader = 'org.springframework.boot.test.context.SpringBootContextLoader', parent = [null]], attributes = map['org.springframework.test.context.web.ServletTestExecutionListener.activateListener' -> true]], class annotated with @DirtiesContext [false] with mode [null].

  .   ____          _            __ _ _
 /\\ / ___'_ __ _ _(_)_ __  __ _ \ \ \ \
( ( )\___ | '_ | '_| | '_ \/ _` | \ \ \ \
 \\/  ___)| |_)| | | | | || (_| |  ) ) ) )
  '  |____| .__|_| |_|_| |_\__, | / / / /
 =========|_|==============|___/=/_/_/_/
 :: Spring Boot ::                (v2.7.0)

2022-07-08 22:32:00.823  INFO 7130 --- [           main] c.m.p.i.PatientAssessmentIT              : Starting PatientAssessmentIT using Java 17 on loic with PID 7130 (started by loicb in /home/loicb/Formation/Projet/Projet9_loic_benoit/mediscreen/patientassessment)
2022-07-08 22:32:00.824 DEBUG 7130 --- [           main] c.m.p.i.PatientAssessmentIT              : Running with Spring Boot v2.7.0, Spring v5.3.20
2022-07-08 22:32:00.825  INFO 7130 --- [           main] c.m.p.i.PatientAssessmentIT              : No active profile set, falling back to 1 default profile: "default"
2022-07-08 22:32:02.010  INFO 7130 --- [           main] .s.d.r.c.RepositoryConfigurationDelegate : Bootstrapping Spring Data MongoDB repositories in DEFAULT mode.
2022-07-08 22:32:02.040  INFO 7130 --- [           main] .s.d.r.c.RepositoryConfigurationDelegate : Finished Spring Data repository scanning in 20 ms. Found 0 MongoDB repository interfaces.
2022-07-08 22:32:02.448  INFO 7130 --- [           main] o.s.cloud.context.scope.GenericScope     : BeanFactory id=f4689065-b58a-362c-bea2-2e3b935fe62e
2022-07-08 22:32:05.575  INFO 7130 --- [mongo_med:27017] org.mongodb.driver.cluster               : Exception in monitor thread while connecting to server mongo_med:27017

com.mongodb.MongoSocketException: mongo_med: Nom ou service inconnu
	at com.mongodb.ServerAddress.getSocketAddresses(ServerAddress.java:217) ~[mongodb-driver-core-4.6.0.jar:na]
	at com.mongodb.internal.connection.SocketStream.initializeSocket(SocketStream.java:75) ~[mongodb-driver-core-4.6.0.jar:na]
	at com.mongodb.internal.connection.SocketStream.open(SocketStream.java:65) ~[mongodb-driver-core-4.6.0.jar:na]
	at com.mongodb.internal.connection.InternalStreamConnection.open(InternalStreamConnection.java:180) ~[mongodb-driver-core-4.6.0.jar:na]
	at com.mongodb.internal.connection.DefaultServerMonitor$ServerMonitorRunnable.lookupServerDescription(DefaultServerMonitor.java:193) ~[mongodb-driver-core-4.6.0.jar:na]
	at com.mongodb.internal.connection.DefaultServerMonitor$ServerMonitorRunnable.run(DefaultServerMonitor.java:157) ~[mongodb-driver-core-4.6.0.jar:na]
	at java.base/java.lang.Thread.run(Thread.java:833) ~[na:na]
Caused by: java.net.UnknownHostException: mongo_med: Nom ou service inconnu
	at java.base/java.net.Inet6AddressImpl.lookupAllHostAddr(Native Method) ~[na:na]
	at java.base/java.net.InetAddress$PlatformNameService.lookupAllHostAddr(InetAddress.java:933) ~[na:na]
	at java.base/java.net.InetAddress.getAddressesFromNameService(InetAddress.java:1519) ~[na:na]
	at java.base/java.net.InetAddress$NameServiceAddresses.get(InetAddress.java:852) ~[na:na]
	at java.base/java.net.InetAddress.getAllByName0(InetAddress.java:1509) ~[na:na]
	at java.base/java.net.InetAddress.getAllByName(InetAddress.java:1367) ~[na:na]
	at java.base/java.net.InetAddress.getAllByName(InetAddress.java:1301) ~[na:na]
	at com.mongodb.ServerAddress.getSocketAddresses(ServerAddress.java:209) ~[mongodb-driver-core-4.6.0.jar:na]
	... 6 common frames omitted

2022-07-08 22:32:05.576  INFO 7130 --- [           main] org.mongodb.driver.client                : MongoClient with metadata {"driver": {"name": "mongo-java-driver|sync|spring-boot", "version": "4.6.0"}, "os": {"type": "Linux", "name": "Linux", "architecture": "amd64", "version": "4.19.0-21-amd64"}, "platform": "Java/Oracle Corporation/17+35-LTS-2724"} created with settings MongoClientSettings{readPreference=primary, writeConcern=WriteConcern{w=null, wTimeout=null ms, journal=null}, retryWrites=true, retryReads=true, readConcern=ReadConcern{level=null}, credential=null, streamFactoryFactory=null, commandListeners=[], codecRegistry=ProvidersCodecRegistry{codecProviders=[ValueCodecProvider{}, BsonValueCodecProvider{}, DBRefCodecProvider{}, DBObjectCodecProvider{}, DocumentCodecProvider{}, IterableCodecProvider{}, MapCodecProvider{}, GeoJsonCodecProvider{}, GridFSFileCodecProvider{}, Jsr310CodecProvider{}, JsonObjectCodecProvider{}, BsonCodecProvider{}, EnumCodecProvider{}, com.mongodb.Jep395RecordCodecProvider@7bfa2d74]}, clusterSettings={hosts=[mongo_med:27017], srvServiceName=mongodb, mode=SINGLE, requiredClusterType=UNKNOWN, requiredReplicaSetName='null', serverSelector='null', clusterListeners='[]', serverSelectionTimeout='30000 ms', localThreshold='30000 ms'}, socketSettings=SocketSettings{connectTimeoutMS=10000, readTimeoutMS=0, receiveBufferSize=0, sendBufferSize=0}, heartbeatSocketSettings=SocketSettings{connectTimeoutMS=10000, readTimeoutMS=10000, receiveBufferSize=0, sendBufferSize=0}, connectionPoolSettings=ConnectionPoolSettings{maxSize=100, minSize=0, maxWaitTimeMS=120000, maxConnectionLifeTimeMS=0, maxConnectionIdleTimeMS=0, maintenanceInitialDelayMS=0, maintenanceFrequencyMS=60000, connectionPoolListeners=[], maxConnecting=2}, serverSettings=ServerSettings{heartbeatFrequencyMS=10000, minHeartbeatFrequencyMS=500, serverListeners='[]', serverMonitorListeners='[]'}, sslSettings=SslSettings{enabled=false, invalidHostNameAllowed=false, context=null}, applicationName='null', compressorList=[], uuidRepresentation=JAVA_LEGACY, serverApi=null, autoEncryptionSettings=null, contextProvider=null}
2022-07-08 22:32:06.001  INFO 7130 --- [           main] o.s.b.t.m.w.SpringBootMockServletContext : Initializing Spring TestDispatcherServlet ''
2022-07-08 22:32:06.002  INFO 7130 --- [           main] o.s.t.web.servlet.TestDispatcherServlet  : Initializing Servlet ''
2022-07-08 22:32:06.004  INFO 7130 --- [           main] o.s.t.web.servlet.TestDispatcherServlet  : Completed initialization in 2 ms
2022-07-08 22:32:06.210  INFO 7130 --- [           main] c.m.p.i.PatientAssessmentIT              : Started PatientAssessmentIT in 6.129 seconds (JVM running for 8.836)
2022-07-08 22:32:06.450 TRACE 7130 --- [           main] c.m.p.c.impl.AssessControllerImpl        : Get assess for id=2
]]></system-out>
  </testcase>
  <testcase name="getAssessWithIdValid_ShouldReturnBorderline" classname="com.mediscreen.patientassessment.integrationTest.PatientAssessmentIT" time="0.15">
    <system-out><![CDATA[2022-07-08 22:32:06.516 TRACE 7130 --- [           main] c.m.p.c.impl.AssessControllerImpl        : Get assess for id=2
2022-07-08 22:32:06.521 TRACE 7130 --- [           main] c.m.p.service.impl.AssessServiceImpl     : keyword count = 2
2022-07-08 22:32:06.522 TRACE 7130 --- [           main] c.m.p.service.impl.AssessServiceImpl     : Assess message = Borderline
]]></system-out>
  </testcase>
  <testcase name="getAssessWithFamilyNameAndGivenName_WhenPatientDoesntExist_ShouldThrowDataNotFoundException" classname="com.mediscreen.patientassessment.integrationTest.PatientAssessmentIT" time="0.017">
    <system-out><![CDATA[2022-07-08 22:32:06.659 TRACE 7130 --- [           main] c.m.p.c.impl.AssessControllerImpl        : Get assess for patient: familyNameTest - givenNameTest
]]></system-out>
  </testcase>
  <testcase name="getAssessWithIdValid_ShouldReturnNone" classname="com.mediscreen.patientassessment.integrationTest.PatientAssessmentIT" time="0.011">
    <system-out><![CDATA[2022-07-08 22:32:06.673 TRACE 7130 --- [           main] c.m.p.c.impl.AssessControllerImpl        : Get assess for id=2
2022-07-08 22:32:06.674 TRACE 7130 --- [           main] c.m.p.service.impl.AssessServiceImpl     : keyword count = 0
2022-07-08 22:32:06.674 TRACE 7130 --- [           main] c.m.p.service.impl.AssessServiceImpl     : Assess message = None
]]></system-out>
  </testcase>
  <testcase name="getAssessWithIdInvalid_ShouldThrowBadArgumentException" classname="com.mediscreen.patientassessment.integrationTest.PatientAssessmentIT" time="0.008">
    <system-out><![CDATA[2022-07-08 22:32:06.686  WARN 7130 --- [           main] c.m.p.c.impl.AssessControllerImpl        : Error, patientId must be > 0.
]]></system-out>
  </testcase>
  <testcase name="getAssessWithIdValid_ShouldReturnEarlyOnset" classname="com.mediscreen.patientassessment.integrationTest.PatientAssessmentIT" time="0.012">
    <system-out><![CDATA[2022-07-08 22:32:06.700 TRACE 7130 --- [           main] c.m.p.c.impl.AssessControllerImpl        : Get assess for id=2
2022-07-08 22:32:06.701 TRACE 7130 --- [           main] c.m.p.service.impl.AssessServiceImpl     : keyword count = 5
2022-07-08 22:32:06.701 TRACE 7130 --- [           main] c.m.p.service.impl.AssessServiceImpl     : Assess message = Early onset
]]></system-out>
  </testcase>
  <testcase name="getAssessWithFamilyNameAndGivenNameValid" classname="com.mediscreen.patientassessment.integrationTest.PatientAssessmentIT" time="0.026">
    <system-out><![CDATA[2022-07-08 22:32:06.732 TRACE 7130 --- [           main] c.m.p.c.impl.AssessControllerImpl        : Get assess for patient: familyNameTest - givenNameTest
2022-07-08 22:32:06.733 TRACE 7130 --- [           main] c.m.p.service.impl.AssessServiceImpl     : keyword count = 0
2022-07-08 22:32:06.733 TRACE 7130 --- [           main] c.m.p.service.impl.AssessServiceImpl     : Assess message = None
]]></system-out>
  </testcase>
  <testcase name="getAssessWithIdValid_ShouldReturnInDanger" classname="com.mediscreen.patientassessment.integrationTest.PatientAssessmentIT" time="0.012">
    <system-out><![CDATA[2022-07-08 22:32:06.758 TRACE 7130 --- [           main] c.m.p.c.impl.AssessControllerImpl        : Get assess for id=2
2022-07-08 22:32:06.759 TRACE 7130 --- [           main] c.m.p.service.impl.AssessServiceImpl     : keyword count = 3
2022-07-08 22:32:06.760 TRACE 7130 --- [           main] c.m.p.service.impl.AssessServiceImpl     : Assess message = In Danger
]]></system-out>
  </testcase>
  <testcase name="getAssessWithFamilyNameAndGivenNameInvalid_ShouldThrowBadArgumentException" classname="com.mediscreen.patientassessment.integrationTest.PatientAssessmentIT" time="0.008">
    <system-out><![CDATA[2022-07-08 22:32:06.772  WARN 7130 --- [           main] c.m.p.c.impl.AssessControllerImpl        : Error, patientId must be > 0.
]]></system-out>
  </testcase>
</testsuite>